15.12.2021 09:21:21.830 [main] INFO  c.g.d.etda.webapp.WebAppTest - Starting WebAppTest using Java 1.8.0_252 on lg-omen with PID 12388 (started by Hastya in D:\etda\etdaProject)
15.12.2021 09:21:21.868 [main] INFO  c.g.d.etda.webapp.WebAppTest - The following profiles are active: dev
15.12.2021 09:21:26.111 [main] INFO  c.g.d.etda.webapp.WebAppTest - Started WebAppTest in 4.773 seconds (JVM running for 15.649)
15.12.2021 09:39:05.968 [main] ERROR c.g.d.e.c.console.ConsoleController - Error
java.lang.NullPointerException: null
	at com.github.dmitriydb.etda.controller.console.ConsoleController.registerUser(ConsoleController.java:244)
	at com.github.dmitriydb.etda.controller.console.ConsoleController.processUserAction(ConsoleController.java:167)
	at com.github.dmitriydb.etda.controller.console.ConsoleController$$EnhancerByMockitoWithCGLIB$$6df2673.CGLIB$processUserAction$0(<generated>)
	at com.github.dmitriydb.etda.controller.console.ConsoleController$$EnhancerByMockitoWithCGLIB$$6df2673$$FastClassByMockitoWithCGLIB$$c32f83d0.invoke(<generated>)
	at org.mockito.cglib.proxy.MethodProxy.invokeSuper(MethodProxy.java:216)
	at org.mockito.internal.creation.cglib.DelegatingMockitoMethodProxy.invokeSuper(DelegatingMockitoMethodProxy.java:19)
	at org.mockito.internal.invocation.realmethod.DefaultRealMethod.invoke(DefaultRealMethod.java:21)
	at org.mockito.internal.invocation.realmethod.CleanTraceRealMethod.invoke(CleanTraceRealMethod.java:30)
	at org.mockito.internal.invocation.InvocationImpl.callRealMethod(InvocationImpl.java:112)
	at org.mockito.internal.stubbing.answers.CallsRealMethods.answer(CallsRealMethods.java:41)
	at org.mockito.internal.handler.MockHandlerImpl.handle(MockHandlerImpl.java:93)
	at org.mockito.internal.handler.NullResultGuardian.handle(NullResultGuardian.java:29)
	at org.mockito.internal.handler.InvocationNotifierHandler.handle(InvocationNotifierHandler.java:38)
	at org.mockito.internal.creation.cglib.MethodInterceptorFilter.intercept(MethodInterceptorFilter.java:59)
	at com.github.dmitriydb.etda.controller.console.ConsoleController$$EnhancerByMockitoWithCGLIB$$6df2673.processUserAction(<generated>)
	at com.github.dmitriydb.etda.controller.console.ConsoleControllerTest.whenRegisterUserDaoIsCreatingUserAndStateMenu(ConsoleControllerTest.java:276)
	at sun.reflect.NativeMethodAccessorImpl.invoke0(Native Method)
	at sun.reflect.NativeMethodAccessorImpl.invoke(NativeMethodAccessorImpl.java:62)
	at sun.reflect.DelegatingMethodAccessorImpl.invoke(DelegatingMethodAccessorImpl.java:43)
	at java.lang.reflect.Method.invoke(Method.java:498)
	at org.junit.runners.model.FrameworkMethod$1.runReflectiveCall(FrameworkMethod.java:59)
	at org.junit.internal.runners.model.ReflectiveCallable.run(ReflectiveCallable.java:12)
	at org.junit.runners.model.FrameworkMethod.invokeExplosively(FrameworkMethod.java:56)
	at org.junit.internal.runners.statements.InvokeMethod.evaluate(InvokeMethod.java:17)
	at org.junit.internal.runners.statements.RunBefores.evaluate(RunBefores.java:26)
	at org.junit.runners.ParentRunner$3.evaluate(ParentRunner.java:306)
	at org.junit.runners.BlockJUnit4ClassRunner$1.evaluate(BlockJUnit4ClassRunner.java:100)
	at org.junit.runners.ParentRunner.runLeaf(ParentRunner.java:366)
	at org.junit.runners.BlockJUnit4ClassRunner.runChild(BlockJUnit4ClassRunner.java:103)
	at junitparams.JUnitParamsRunner.runChild(JUnitParamsRunner.java:416)
	at junitparams.JUnitParamsRunner.runChild(JUnitParamsRunner.java:385)
	at org.junit.runners.ParentRunner$4.run(ParentRunner.java:331)
	at org.junit.runners.ParentRunner$1.schedule(ParentRunner.java:79)
	at org.junit.runners.ParentRunner.runChildren(ParentRunner.java:329)
	at org.junit.runners.ParentRunner.access$100(ParentRunner.java:66)
	at org.junit.runners.ParentRunner$2.evaluate(ParentRunner.java:293)
	at org.junit.runners.ParentRunner$3.evaluate(ParentRunner.java:306)
	at org.junit.runners.ParentRunner.run(ParentRunner.java:413)
	at org.junit.runner.JUnitCore.run(JUnitCore.java:137)
	at com.intellij.junit4.JUnit4IdeaTestRunner.startRunnerWithArgs(JUnit4IdeaTestRunner.java:69)
	at com.intellij.rt.junit.IdeaTestRunner$Repeater.startRunnerWithArgs(IdeaTestRunner.java:33)
	at com.intellij.rt.junit.JUnitStarter.prepareStreamsAndStart(JUnitStarter.java:235)
	at com.intellij.rt.junit.JUnitStarter.main(JUnitStarter.java:54)
15.12.2021 09:39:05.969 [main] ERROR c.g.d.e.c.console.ConsoleController - Error
java.lang.NullPointerException: null
	at com.github.dmitriydb.etda.controller.console.ConsoleController.registerUser(ConsoleController.java:244)
	at com.github.dmitriydb.etda.controller.console.ConsoleController.processUserAction(ConsoleController.java:167)
	at com.github.dmitriydb.etda.controller.console.ConsoleController$$EnhancerByMockitoWithCGLIB$$6df2673.CGLIB$processUserAction$0(<generated>)
	at com.github.dmitriydb.etda.controller.console.ConsoleController$$EnhancerByMockitoWithCGLIB$$6df2673$$FastClassByMockitoWithCGLIB$$c32f83d0.invoke(<generated>)
	at org.mockito.cglib.proxy.MethodProxy.invokeSuper(MethodProxy.java:216)
	at org.mockito.internal.creation.cglib.DelegatingMockitoMethodProxy.invokeSuper(DelegatingMockitoMethodProxy.java:19)
	at org.mockito.internal.invocation.realmethod.DefaultRealMethod.invoke(DefaultRealMethod.java:21)
	at org.mockito.internal.invocation.realmethod.CleanTraceRealMethod.invoke(CleanTraceRealMethod.java:30)
	at org.mockito.internal.invocation.InvocationImpl.callRealMethod(InvocationImpl.java:112)
	at org.mockito.internal.stubbing.answers.CallsRealMethods.answer(CallsRealMethods.java:41)
	at org.mockito.internal.handler.MockHandlerImpl.handle(MockHandlerImpl.java:93)
	at org.mockito.internal.handler.NullResultGuardian.handle(NullResultGuardian.java:29)
	at org.mockito.internal.handler.InvocationNotifierHandler.handle(InvocationNotifierHandler.java:38)
	at org.mockito.internal.creation.cglib.MethodInterceptorFilter.intercept(MethodInterceptorFilter.java:59)
	at com.github.dmitriydb.etda.controller.console.ConsoleController$$EnhancerByMockitoWithCGLIB$$6df2673.processUserAction(<generated>)
	at com.github.dmitriydb.etda.controller.console.ConsoleControllerTest.whenRegisterUserDaoIsCreatingUserAndStateMenu(ConsoleControllerTest.java:276)
	at sun.reflect.NativeMethodAccessorImpl.invoke0(Native Method)
	at sun.reflect.NativeMethodAccessorImpl.invoke(NativeMethodAccessorImpl.java:62)
	at sun.reflect.DelegatingMethodAccessorImpl.invoke(DelegatingMethodAccessorImpl.java:43)
	at java.lang.reflect.Method.invoke(Method.java:498)
	at org.junit.runners.model.FrameworkMethod$1.runReflectiveCall(FrameworkMethod.java:59)
	at org.junit.internal.runners.model.ReflectiveCallable.run(ReflectiveCallable.java:12)
	at org.junit.runners.model.FrameworkMethod.invokeExplosively(FrameworkMethod.java:56)
	at org.junit.internal.runners.statements.InvokeMethod.evaluate(InvokeMethod.java:17)
	at org.junit.internal.runners.statements.RunBefores.evaluate(RunBefores.java:26)
	at org.junit.runners.ParentRunner$3.evaluate(ParentRunner.java:306)
	at org.junit.runners.BlockJUnit4ClassRunner$1.evaluate(BlockJUnit4ClassRunner.java:100)
	at org.junit.runners.ParentRunner.runLeaf(ParentRunner.java:366)
	at org.junit.runners.BlockJUnit4ClassRunner.runChild(BlockJUnit4ClassRunner.java:103)
	at junitparams.JUnitParamsRunner.runChild(JUnitParamsRunner.java:416)
	at junitparams.JUnitParamsRunner.runChild(JUnitParamsRunner.java:385)
	at org.junit.runners.ParentRunner$4.run(ParentRunner.java:331)
	at org.junit.runners.ParentRunner$1.schedule(ParentRunner.java:79)
	at org.junit.runners.ParentRunner.runChildren(ParentRunner.java:329)
	at org.junit.runners.ParentRunner.access$100(ParentRunner.java:66)
	at org.junit.runners.ParentRunner$2.evaluate(ParentRunner.java:293)
	at org.junit.runners.ParentRunner$3.evaluate(ParentRunner.java:306)
	at org.junit.runners.ParentRunner.run(ParentRunner.java:413)
	at org.junit.runner.JUnitCore.run(JUnitCore.java:137)
	at com.intellij.junit4.JUnit4IdeaTestRunner.startRunnerWithArgs(JUnit4IdeaTestRunner.java:69)
	at com.intellij.rt.junit.IdeaTestRunner$Repeater.startRunnerWithArgs(IdeaTestRunner.java:33)
	at com.intellij.rt.junit.JUnitStarter.prepareStreamsAndStart(JUnitStarter.java:235)
	at com.intellij.rt.junit.JUnitStarter.main(JUnitStarter.java:54)
15.12.2021 09:56:22.314 [main] ERROR c.g.d.e.c.console.ConsoleController - Error
java.lang.NullPointerException: null
	at com.github.dmitriydb.etda.controller.console.ConsoleController.registerUser(ConsoleController.java:238)
	at com.github.dmitriydb.etda.controller.console.ConsoleController.processUserAction(ConsoleController.java:167)
	at com.github.dmitriydb.etda.controller.console.ConsoleController$$EnhancerByMockitoWithCGLIB$$5bc32a.CGLIB$processUserAction$0(<generated>)
	at com.github.dmitriydb.etda.controller.console.ConsoleController$$EnhancerByMockitoWithCGLIB$$5bc32a$$FastClassByMockitoWithCGLIB$$a160b374.invoke(<generated>)
	at org.mockito.cglib.proxy.MethodProxy.invokeSuper(MethodProxy.java:216)
	at org.mockito.internal.creation.cglib.DelegatingMockitoMethodProxy.invokeSuper(DelegatingMockitoMethodProxy.java:19)
	at org.mockito.internal.invocation.realmethod.DefaultRealMethod.invoke(DefaultRealMethod.java:21)
	at org.mockito.internal.invocation.realmethod.CleanTraceRealMethod.invoke(CleanTraceRealMethod.java:30)
	at org.mockito.internal.invocation.InvocationImpl.callRealMethod(InvocationImpl.java:112)
	at org.mockito.internal.stubbing.answers.CallsRealMethods.answer(CallsRealMethods.java:41)
	at org.mockito.internal.handler.MockHandlerImpl.handle(MockHandlerImpl.java:93)
	at org.mockito.internal.handler.NullResultGuardian.handle(NullResultGuardian.java:29)
	at org.mockito.internal.handler.InvocationNotifierHandler.handle(InvocationNotifierHandler.java:38)
	at org.mockito.internal.creation.cglib.MethodInterceptorFilter.intercept(MethodInterceptorFilter.java:59)
	at com.github.dmitriydb.etda.controller.console.ConsoleController$$EnhancerByMockitoWithCGLIB$$5bc32a.processUserAction(<generated>)
	at com.github.dmitriydb.etda.controller.console.ConsoleControllerTest.whenRegisterFailsShowErrorRegisterMessage(ConsoleControllerTest.java:406)
	at sun.reflect.NativeMethodAccessorImpl.invoke0(Native Method)
	at sun.reflect.NativeMethodAccessorImpl.invoke(NativeMethodAccessorImpl.java:62)
	at sun.reflect.DelegatingMethodAccessorImpl.invoke(DelegatingMethodAccessorImpl.java:43)
	at java.lang.reflect.Method.invoke(Method.java:498)
	at org.junit.runners.model.FrameworkMethod$1.runReflectiveCall(FrameworkMethod.java:59)
	at org.junit.internal.runners.model.ReflectiveCallable.run(ReflectiveCallable.java:12)
	at org.junit.runners.model.FrameworkMethod.invokeExplosively(FrameworkMethod.java:56)
	at org.junit.internal.runners.statements.InvokeMethod.evaluate(InvokeMethod.java:17)
	at org.junit.internal.runners.statements.RunBefores.evaluate(RunBefores.java:26)
	at org.junit.runners.ParentRunner$3.evaluate(ParentRunner.java:306)
	at org.junit.runners.BlockJUnit4ClassRunner$1.evaluate(BlockJUnit4ClassRunner.java:100)
	at org.junit.runners.ParentRunner.runLeaf(ParentRunner.java:366)
	at org.junit.runners.BlockJUnit4ClassRunner.runChild(BlockJUnit4ClassRunner.java:103)
	at junitparams.JUnitParamsRunner.runChild(JUnitParamsRunner.java:416)
	at junitparams.JUnitParamsRunner.runChild(JUnitParamsRunner.java:385)
	at org.junit.runners.ParentRunner$4.run(ParentRunner.java:331)
	at org.junit.runners.ParentRunner$1.schedule(ParentRunner.java:79)
	at org.junit.runners.ParentRunner.runChildren(ParentRunner.java:329)
	at org.junit.runners.ParentRunner.access$100(ParentRunner.java:66)
	at org.junit.runners.ParentRunner$2.evaluate(ParentRunner.java:293)
	at org.junit.runners.ParentRunner$3.evaluate(ParentRunner.java:306)
	at org.junit.runners.ParentRunner.run(ParentRunner.java:413)
	at org.junit.runner.JUnitCore.run(JUnitCore.java:137)
	at com.intellij.junit4.JUnit4IdeaTestRunner.startRunnerWithArgs(JUnit4IdeaTestRunner.java:69)
	at com.intellij.rt.junit.IdeaTestRunner$Repeater.startRunnerWithArgs(IdeaTestRunner.java:33)
	at com.intellij.rt.junit.JUnitStarter.prepareStreamsAndStart(JUnitStarter.java:235)
	at com.intellij.rt.junit.JUnitStarter.main(JUnitStarter.java:54)
15.12.2021 09:56:22.314 [main] ERROR c.g.d.e.c.console.ConsoleController - Error
java.lang.NullPointerException: null
	at com.github.dmitriydb.etda.controller.console.ConsoleController.registerUser(ConsoleController.java:238)
	at com.github.dmitriydb.etda.controller.console.ConsoleController.processUserAction(ConsoleController.java:167)
	at com.github.dmitriydb.etda.controller.console.ConsoleController$$EnhancerByMockitoWithCGLIB$$5bc32a.CGLIB$processUserAction$0(<generated>)
	at com.github.dmitriydb.etda.controller.console.ConsoleController$$EnhancerByMockitoWithCGLIB$$5bc32a$$FastClassByMockitoWithCGLIB$$a160b374.invoke(<generated>)
	at org.mockito.cglib.proxy.MethodProxy.invokeSuper(MethodProxy.java:216)
	at org.mockito.internal.creation.cglib.DelegatingMockitoMethodProxy.invokeSuper(DelegatingMockitoMethodProxy.java:19)
	at org.mockito.internal.invocation.realmethod.DefaultRealMethod.invoke(DefaultRealMethod.java:21)
	at org.mockito.internal.invocation.realmethod.CleanTraceRealMethod.invoke(CleanTraceRealMethod.java:30)
	at org.mockito.internal.invocation.InvocationImpl.callRealMethod(InvocationImpl.java:112)
	at org.mockito.internal.stubbing.answers.CallsRealMethods.answer(CallsRealMethods.java:41)
	at org.mockito.internal.handler.MockHandlerImpl.handle(MockHandlerImpl.java:93)
	at org.mockito.internal.handler.NullResultGuardian.handle(NullResultGuardian.java:29)
	at org.mockito.internal.handler.InvocationNotifierHandler.handle(InvocationNotifierHandler.java:38)
	at org.mockito.internal.creation.cglib.MethodInterceptorFilter.intercept(MethodInterceptorFilter.java:59)
	at com.github.dmitriydb.etda.controller.console.ConsoleController$$EnhancerByMockitoWithCGLIB$$5bc32a.processUserAction(<generated>)
	at com.github.dmitriydb.etda.controller.console.ConsoleControllerTest.whenRegisterFailsShowErrorRegisterMessage(ConsoleControllerTest.java:406)
	at sun.reflect.NativeMethodAccessorImpl.invoke0(Native Method)
	at sun.reflect.NativeMethodAccessorImpl.invoke(NativeMethodAccessorImpl.java:62)
	at sun.reflect.DelegatingMethodAccessorImpl.invoke(DelegatingMethodAccessorImpl.java:43)
	at java.lang.reflect.Method.invoke(Method.java:498)
	at org.junit.runners.model.FrameworkMethod$1.runReflectiveCall(FrameworkMethod.java:59)
	at org.junit.internal.runners.model.ReflectiveCallable.run(ReflectiveCallable.java:12)
	at org.junit.runners.model.FrameworkMethod.invokeExplosively(FrameworkMethod.java:56)
	at org.junit.internal.runners.statements.InvokeMethod.evaluate(InvokeMethod.java:17)
	at org.junit.internal.runners.statements.RunBefores.evaluate(RunBefores.java:26)
	at org.junit.runners.ParentRunner$3.evaluate(ParentRunner.java:306)
	at org.junit.runners.BlockJUnit4ClassRunner$1.evaluate(BlockJUnit4ClassRunner.java:100)
	at org.junit.runners.ParentRunner.runLeaf(ParentRunner.java:366)
	at org.junit.runners.BlockJUnit4ClassRunner.runChild(BlockJUnit4ClassRunner.java:103)
	at junitparams.JUnitParamsRunner.runChild(JUnitParamsRunner.java:416)
	at junitparams.JUnitParamsRunner.runChild(JUnitParamsRunner.java:385)
	at org.junit.runners.ParentRunner$4.run(ParentRunner.java:331)
	at org.junit.runners.ParentRunner$1.schedule(ParentRunner.java:79)
	at org.junit.runners.ParentRunner.runChildren(ParentRunner.java:329)
	at org.junit.runners.ParentRunner.access$100(ParentRunner.java:66)
	at org.junit.runners.ParentRunner$2.evaluate(ParentRunner.java:293)
	at org.junit.runners.ParentRunner$3.evaluate(ParentRunner.java:306)
	at org.junit.runners.ParentRunner.run(ParentRunner.java:413)
	at org.junit.runner.JUnitCore.run(JUnitCore.java:137)
	at com.intellij.junit4.JUnit4IdeaTestRunner.startRunnerWithArgs(JUnit4IdeaTestRunner.java:69)
	at com.intellij.rt.junit.IdeaTestRunner$Repeater.startRunnerWithArgs(IdeaTestRunner.java:33)
	at com.intellij.rt.junit.JUnitStarter.prepareStreamsAndStart(JUnitStarter.java:235)
	at com.intellij.rt.junit.JUnitStarter.main(JUnitStarter.java:54)
15.12.2021 10:05:42.463 [main] ERROR c.g.d.e.c.console.ConsoleController - Error
java.lang.NullPointerException: null
	at com.github.dmitriydb.etda.controller.console.ConsoleController.registerUser(ConsoleController.java:238)
	at com.github.dmitriydb.etda.controller.console.ConsoleController.processUserAction(ConsoleController.java:167)
	at com.github.dmitriydb.etda.controller.console.ConsoleController$$EnhancerByMockitoWithCGLIB$$f79414ee.CGLIB$processUserAction$0(<generated>)
	at com.github.dmitriydb.etda.controller.console.ConsoleController$$EnhancerByMockitoWithCGLIB$$f79414ee$$FastClassByMockitoWithCGLIB$$83d0c5f7.invoke(<generated>)
	at org.mockito.cglib.proxy.MethodProxy.invokeSuper(MethodProxy.java:216)
	at org.mockito.internal.creation.cglib.DelegatingMockitoMethodProxy.invokeSuper(DelegatingMockitoMethodProxy.java:19)
	at org.mockito.internal.invocation.realmethod.DefaultRealMethod.invoke(DefaultRealMethod.java:21)
	at org.mockito.internal.invocation.realmethod.CleanTraceRealMethod.invoke(CleanTraceRealMethod.java:30)
	at org.mockito.internal.invocation.InvocationImpl.callRealMethod(InvocationImpl.java:112)
	at org.mockito.internal.stubbing.answers.CallsRealMethods.answer(CallsRealMethods.java:41)
	at org.mockito.internal.handler.MockHandlerImpl.handle(MockHandlerImpl.java:93)
	at org.mockito.internal.handler.NullResultGuardian.handle(NullResultGuardian.java:29)
	at org.mockito.internal.handler.InvocationNotifierHandler.handle(InvocationNotifierHandler.java:38)
	at org.mockito.internal.creation.cglib.MethodInterceptorFilter.intercept(MethodInterceptorFilter.java:59)
	at com.github.dmitriydb.etda.controller.console.ConsoleController$$EnhancerByMockitoWithCGLIB$$f79414ee.processUserAction(<generated>)
	at com.github.dmitriydb.etda.controller.console.ConsoleControllerTest.whenRegisterFailsShowErrorRegisterMessage(ConsoleControllerTest.java:472)
	at sun.reflect.NativeMethodAccessorImpl.invoke0(Native Method)
	at sun.reflect.NativeMethodAccessorImpl.invoke(NativeMethodAccessorImpl.java:62)
	at sun.reflect.DelegatingMethodAccessorImpl.invoke(DelegatingMethodAccessorImpl.java:43)
	at java.lang.reflect.Method.invoke(Method.java:498)
	at org.junit.runners.model.FrameworkMethod$1.runReflectiveCall(FrameworkMethod.java:59)
	at org.junit.internal.runners.model.ReflectiveCallable.run(ReflectiveCallable.java:12)
	at org.junit.runners.model.FrameworkMethod.invokeExplosively(FrameworkMethod.java:56)
	at org.junit.internal.runners.statements.InvokeMethod.evaluate(InvokeMethod.java:17)
	at org.junit.internal.runners.statements.RunBefores.evaluate(RunBefores.java:26)
	at org.junit.runners.ParentRunner$3.evaluate(ParentRunner.java:306)
	at org.junit.runners.BlockJUnit4ClassRunner$1.evaluate(BlockJUnit4ClassRunner.java:100)
	at org.junit.runners.ParentRunner.runLeaf(ParentRunner.java:366)
	at org.junit.runners.BlockJUnit4ClassRunner.runChild(BlockJUnit4ClassRunner.java:103)
	at junitparams.JUnitParamsRunner.runChild(JUnitParamsRunner.java:416)
	at junitparams.JUnitParamsRunner.runChild(JUnitParamsRunner.java:385)
	at org.junit.runners.ParentRunner$4.run(ParentRunner.java:331)
	at org.junit.runners.ParentRunner$1.schedule(ParentRunner.java:79)
	at org.junit.runners.ParentRunner.runChildren(ParentRunner.java:329)
	at org.junit.runners.ParentRunner.access$100(ParentRunner.java:66)
	at org.junit.runners.ParentRunner$2.evaluate(ParentRunner.java:293)
	at org.junit.runners.ParentRunner$3.evaluate(ParentRunner.java:306)
	at org.junit.runners.ParentRunner.run(ParentRunner.java:413)
	at org.junit.runner.JUnitCore.run(JUnitCore.java:137)
	at com.intellij.junit4.JUnit4IdeaTestRunner.startRunnerWithArgs(JUnit4IdeaTestRunner.java:69)
	at com.intellij.rt.junit.IdeaTestRunner$Repeater.startRunnerWithArgs(IdeaTestRunner.java:33)
	at com.intellij.rt.junit.JUnitStarter.prepareStreamsAndStart(JUnitStarter.java:235)
	at com.intellij.rt.junit.JUnitStarter.main(JUnitStarter.java:54)
15.12.2021 10:29:27.611 [main] ERROR c.g.d.e.c.console.ConsoleController - Error
java.lang.NullPointerException: null
	at com.github.dmitriydb.etda.controller.console.ConsoleController.registerUser(ConsoleController.java:238)
	at com.github.dmitriydb.etda.controller.console.ConsoleController.processUserAction(ConsoleController.java:167)
	at com.github.dmitriydb.etda.controller.console.ConsoleController$$EnhancerByMockitoWithCGLIB$$ca02f241.CGLIB$processUserAction$0(<generated>)
	at com.github.dmitriydb.etda.controller.console.ConsoleController$$EnhancerByMockitoWithCGLIB$$ca02f241$$FastClassByMockitoWithCGLIB$$ea933571.invoke(<generated>)
	at org.mockito.cglib.proxy.MethodProxy.invokeSuper(MethodProxy.java:216)
	at org.mockito.internal.creation.cglib.DelegatingMockitoMethodProxy.invokeSuper(DelegatingMockitoMethodProxy.java:19)
	at org.mockito.internal.invocation.realmethod.DefaultRealMethod.invoke(DefaultRealMethod.java:21)
	at org.mockito.internal.invocation.realmethod.CleanTraceRealMethod.invoke(CleanTraceRealMethod.java:30)
	at org.mockito.internal.invocation.InvocationImpl.callRealMethod(InvocationImpl.java:112)
	at org.mockito.internal.stubbing.answers.CallsRealMethods.answer(CallsRealMethods.java:41)
	at org.mockito.internal.handler.MockHandlerImpl.handle(MockHandlerImpl.java:93)
	at org.mockito.internal.handler.NullResultGuardian.handle(NullResultGuardian.java:29)
	at org.mockito.internal.handler.InvocationNotifierHandler.handle(InvocationNotifierHandler.java:38)
	at org.mockito.internal.creation.cglib.MethodInterceptorFilter.intercept(MethodInterceptorFilter.java:59)
	at com.github.dmitriydb.etda.controller.console.ConsoleController$$EnhancerByMockitoWithCGLIB$$ca02f241.processUserAction(<generated>)
	at com.github.dmitriydb.etda.controller.console.ConsoleControllerTest.whenRegisterFailsShowErrorRegisterMessage(ConsoleControllerTest.java:472)
	at sun.reflect.NativeMethodAccessorImpl.invoke0(Native Method)
	at sun.reflect.NativeMethodAccessorImpl.invoke(NativeMethodAccessorImpl.java:62)
	at sun.reflect.DelegatingMethodAccessorImpl.invoke(DelegatingMethodAccessorImpl.java:43)
	at java.lang.reflect.Method.invoke(Method.java:498)
	at org.junit.runners.model.FrameworkMethod$1.runReflectiveCall(FrameworkMethod.java:59)
	at org.junit.internal.runners.model.ReflectiveCallable.run(ReflectiveCallable.java:12)
	at org.junit.runners.model.FrameworkMethod.invokeExplosively(FrameworkMethod.java:56)
	at org.junit.internal.runners.statements.InvokeMethod.evaluate(InvokeMethod.java:17)
	at org.junit.internal.runners.statements.RunBefores.evaluate(RunBefores.java:26)
	at org.junit.runners.ParentRunner$3.evaluate(ParentRunner.java:306)
	at org.junit.runners.BlockJUnit4ClassRunner$1.evaluate(BlockJUnit4ClassRunner.java:100)
	at org.junit.runners.ParentRunner.runLeaf(ParentRunner.java:366)
	at org.junit.runners.BlockJUnit4ClassRunner.runChild(BlockJUnit4ClassRunner.java:103)
	at junitparams.JUnitParamsRunner.runChild(JUnitParamsRunner.java:416)
	at junitparams.JUnitParamsRunner.runChild(JUnitParamsRunner.java:385)
	at org.junit.runners.ParentRunner$4.run(ParentRunner.java:331)
	at org.junit.runners.ParentRunner$1.schedule(ParentRunner.java:79)
	at org.junit.runners.ParentRunner.runChildren(ParentRunner.java:329)
	at org.junit.runners.ParentRunner.access$100(ParentRunner.java:66)
	at org.junit.runners.ParentRunner$2.evaluate(ParentRunner.java:293)
	at org.junit.runners.ParentRunner$3.evaluate(ParentRunner.java:306)
	at org.junit.runners.ParentRunner.run(ParentRunner.java:413)
	at org.junit.runner.JUnitCore.run(JUnitCore.java:137)
	at org.junit.runner.JUnitCore.run(JUnitCore.java:115)
	at org.junit.vintage.engine.execution.RunnerExecutor.execute(RunnerExecutor.java:42)
	at org.junit.vintage.engine.VintageTestEngine.executeAllChildren(VintageTestEngine.java:80)
	at org.junit.vintage.engine.VintageTestEngine.execute(VintageTestEngine.java:72)
	at org.junit.platform.launcher.core.EngineExecutionOrchestrator.execute(EngineExecutionOrchestrator.java:107)
	at org.junit.platform.launcher.core.EngineExecutionOrchestrator.execute(EngineExecutionOrchestrator.java:88)
	at org.junit.platform.launcher.core.EngineExecutionOrchestrator.lambda$execute$0(EngineExecutionOrchestrator.java:54)
	at org.junit.platform.launcher.core.EngineExecutionOrchestrator.withInterceptedStreams(EngineExecutionOrchestrator.java:67)
	at org.junit.platform.launcher.core.EngineExecutionOrchestrator.execute(EngineExecutionOrchestrator.java:52)
	at org.junit.platform.launcher.core.DefaultLauncher.execute(DefaultLauncher.java:114)
	at org.junit.platform.launcher.core.DefaultLauncher.execute(DefaultLauncher.java:86)
	at org.junit.platform.launcher.core.DefaultLauncherSession$DelegatingLauncher.execute(DefaultLauncherSession.java:86)
	at org.junit.platform.launcher.core.SessionPerRequestLauncher.execute(SessionPerRequestLauncher.java:53)
	at com.intellij.junit5.JUnit5IdeaTestRunner.startRunnerWithArgs(JUnit5IdeaTestRunner.java:71)
	at com.intellij.rt.junit.IdeaTestRunner$Repeater.startRunnerWithArgs(IdeaTestRunner.java:33)
	at com.intellij.rt.junit.JUnitStarter.prepareStreamsAndStart(JUnitStarter.java:235)
	at com.intellij.rt.junit.JUnitStarter.main(JUnitStarter.java:54)
15.12.2021 10:29:28.257 [main] INFO  c.g.d.etda.webapp.WebAppTest - Starting WebAppTest using Java 1.8.0_252 on lg-omen with PID 14564 (started by Hastya in D:\etda\etdaProject)
15.12.2021 10:29:28.257 [main] INFO  c.g.d.etda.webapp.WebAppTest - The following profiles are active: dev
15.12.2021 10:29:31.234 [main] INFO  c.g.d.etda.webapp.WebAppTest - Started WebAppTest in 3.342 seconds (JVM running for 9.598)
15.12.2021 10:31:53.468 [main] ERROR c.g.d.e.c.console.ConsoleController - Error
java.lang.NullPointerException: null
	at com.github.dmitriydb.etda.controller.console.ConsoleController.registerUser(ConsoleController.java:238)
	at com.github.dmitriydb.etda.controller.console.ConsoleController.processUserAction(ConsoleController.java:167)
	at com.github.dmitriydb.etda.controller.console.ConsoleController$$EnhancerByMockitoWithCGLIB$$4a89b287.CGLIB$processUserAction$0(<generated>)
	at com.github.dmitriydb.etda.controller.console.ConsoleController$$EnhancerByMockitoWithCGLIB$$4a89b287$$FastClassByMockitoWithCGLIB$$e6439105.invoke(<generated>)
	at org.mockito.cglib.proxy.MethodProxy.invokeSuper(MethodProxy.java:216)
	at org.mockito.internal.creation.cglib.DelegatingMockitoMethodProxy.invokeSuper(DelegatingMockitoMethodProxy.java:19)
	at org.mockito.internal.invocation.realmethod.DefaultRealMethod.invoke(DefaultRealMethod.java:21)
	at org.mockito.internal.invocation.realmethod.CleanTraceRealMethod.invoke(CleanTraceRealMethod.java:30)
	at org.mockito.internal.invocation.InvocationImpl.callRealMethod(InvocationImpl.java:112)
	at org.mockito.internal.stubbing.answers.CallsRealMethods.answer(CallsRealMethods.java:41)
	at org.mockito.internal.handler.MockHandlerImpl.handle(MockHandlerImpl.java:93)
	at org.mockito.internal.handler.NullResultGuardian.handle(NullResultGuardian.java:29)
	at org.mockito.internal.handler.InvocationNotifierHandler.handle(InvocationNotifierHandler.java:38)
	at org.mockito.internal.creation.cglib.MethodInterceptorFilter.intercept(MethodInterceptorFilter.java:59)
	at com.github.dmitriydb.etda.controller.console.ConsoleController$$EnhancerByMockitoWithCGLIB$$4a89b287.processUserAction(<generated>)
	at com.github.dmitriydb.etda.controller.console.ConsoleControllerTest.whenRegisterFailsShowErrorRegisterMessage(ConsoleControllerTest.java:472)
	at sun.reflect.NativeMethodAccessorImpl.invoke0(Native Method)
	at sun.reflect.NativeMethodAccessorImpl.invoke(NativeMethodAccessorImpl.java:62)
	at sun.reflect.DelegatingMethodAccessorImpl.invoke(DelegatingMethodAccessorImpl.java:43)
	at java.lang.reflect.Method.invoke(Method.java:498)
	at org.junit.runners.model.FrameworkMethod$1.runReflectiveCall(FrameworkMethod.java:59)
	at org.junit.internal.runners.model.ReflectiveCallable.run(ReflectiveCallable.java:12)
	at org.junit.runners.model.FrameworkMethod.invokeExplosively(FrameworkMethod.java:56)
	at org.junit.internal.runners.statements.InvokeMethod.evaluate(InvokeMethod.java:17)
	at org.junit.internal.runners.statements.RunBefores.evaluate(RunBefores.java:26)
	at org.junit.runners.ParentRunner$3.evaluate(ParentRunner.java:306)
	at org.junit.runners.BlockJUnit4ClassRunner$1.evaluate(BlockJUnit4ClassRunner.java:100)
	at org.junit.runners.ParentRunner.runLeaf(ParentRunner.java:366)
	at org.junit.runners.BlockJUnit4ClassRunner.runChild(BlockJUnit4ClassRunner.java:103)
	at junitparams.JUnitParamsRunner.runChild(JUnitParamsRunner.java:416)
	at junitparams.JUnitParamsRunner.runChild(JUnitParamsRunner.java:385)
	at org.junit.runners.ParentRunner$4.run(ParentRunner.java:331)
	at org.junit.runners.ParentRunner$1.schedule(ParentRunner.java:79)
	at org.junit.runners.ParentRunner.runChildren(ParentRunner.java:329)
	at org.junit.runners.ParentRunner.access$100(ParentRunner.java:66)
	at org.junit.runners.ParentRunner$2.evaluate(ParentRunner.java:293)
	at org.junit.runners.ParentRunner$3.evaluate(ParentRunner.java:306)
	at org.junit.runners.ParentRunner.run(ParentRunner.java:413)
	at org.junit.runner.JUnitCore.run(JUnitCore.java:137)
	at org.junit.runner.JUnitCore.run(JUnitCore.java:115)
	at org.junit.vintage.engine.execution.RunnerExecutor.execute(RunnerExecutor.java:42)
	at org.junit.vintage.engine.VintageTestEngine.executeAllChildren(VintageTestEngine.java:80)
	at org.junit.vintage.engine.VintageTestEngine.execute(VintageTestEngine.java:72)
	at org.junit.platform.launcher.core.EngineExecutionOrchestrator.execute(EngineExecutionOrchestrator.java:107)
	at org.junit.platform.launcher.core.EngineExecutionOrchestrator.execute(EngineExecutionOrchestrator.java:88)
	at org.junit.platform.launcher.core.EngineExecutionOrchestrator.lambda$execute$0(EngineExecutionOrchestrator.java:54)
	at org.junit.platform.launcher.core.EngineExecutionOrchestrator.withInterceptedStreams(EngineExecutionOrchestrator.java:67)
	at org.junit.platform.launcher.core.EngineExecutionOrchestrator.execute(EngineExecutionOrchestrator.java:52)
	at org.junit.platform.launcher.core.DefaultLauncher.execute(DefaultLauncher.java:114)
	at org.junit.platform.launcher.core.DefaultLauncher.execute(DefaultLauncher.java:86)
	at org.junit.platform.launcher.core.DefaultLauncherSession$DelegatingLauncher.execute(DefaultLauncherSession.java:86)
	at org.junit.platform.launcher.core.SessionPerRequestLauncher.execute(SessionPerRequestLauncher.java:53)
	at com.intellij.junit5.JUnit5IdeaTestRunner.startRunnerWithArgs(JUnit5IdeaTestRunner.java:71)
	at com.intellij.rt.junit.IdeaTestRunner$Repeater.startRunnerWithArgs(IdeaTestRunner.java:33)
	at com.intellij.rt.junit.JUnitStarter.prepareStreamsAndStart(JUnitStarter.java:235)
	at com.intellij.rt.junit.JUnitStarter.main(JUnitStarter.java:54)
15.12.2021 10:31:54.047 [main] INFO  c.g.d.etda.webapp.WebAppTest - Starting WebAppTest using Java 1.8.0_252 on lg-omen with PID 12964 (started by Hastya in D:\etda\etdaProject)
15.12.2021 10:31:54.047 [main] INFO  c.g.d.etda.webapp.WebAppTest - The following profiles are active: dev
15.12.2021 10:31:56.949 [main] INFO  c.g.d.etda.webapp.WebAppTest - Started WebAppTest in 3.221 seconds (JVM running for 9.36)
15.12.2021 10:32:14.037 [main] ERROR c.g.d.e.c.console.ConsoleController - Error
java.lang.NullPointerException: null
	at com.github.dmitriydb.etda.controller.console.ConsoleController.registerUser(ConsoleController.java:238)
	at com.github.dmitriydb.etda.controller.console.ConsoleController.processUserAction(ConsoleController.java:167)
	at com.github.dmitriydb.etda.controller.console.ConsoleController$$EnhancerByMockitoWithCGLIB$$accc91c.CGLIB$processUserAction$0(<generated>)
	at com.github.dmitriydb.etda.controller.console.ConsoleController$$EnhancerByMockitoWithCGLIB$$accc91c$$FastClassByMockitoWithCGLIB$$a412a981.invoke(<generated>)
	at org.mockito.cglib.proxy.MethodProxy.invokeSuper(MethodProxy.java:216)
	at org.mockito.internal.creation.cglib.DelegatingMockitoMethodProxy.invokeSuper(DelegatingMockitoMethodProxy.java:19)
	at org.mockito.internal.invocation.realmethod.DefaultRealMethod.invoke(DefaultRealMethod.java:21)
	at org.mockito.internal.invocation.realmethod.CleanTraceRealMethod.invoke(CleanTraceRealMethod.java:30)
	at org.mockito.internal.invocation.InvocationImpl.callRealMethod(InvocationImpl.java:112)
	at org.mockito.internal.stubbing.answers.CallsRealMethods.answer(CallsRealMethods.java:41)
	at org.mockito.internal.handler.MockHandlerImpl.handle(MockHandlerImpl.java:93)
	at org.mockito.internal.handler.NullResultGuardian.handle(NullResultGuardian.java:29)
	at org.mockito.internal.handler.InvocationNotifierHandler.handle(InvocationNotifierHandler.java:38)
	at org.mockito.internal.creation.cglib.MethodInterceptorFilter.intercept(MethodInterceptorFilter.java:59)
	at com.github.dmitriydb.etda.controller.console.ConsoleController$$EnhancerByMockitoWithCGLIB$$accc91c.processUserAction(<generated>)
	at com.github.dmitriydb.etda.controller.console.ConsoleControllerTest.whenRegisterFailsShowErrorRegisterMessage(ConsoleControllerTest.java:472)
	at sun.reflect.NativeMethodAccessorImpl.invoke0(Native Method)
	at sun.reflect.NativeMethodAccessorImpl.invoke(NativeMethodAccessorImpl.java:62)
	at sun.reflect.DelegatingMethodAccessorImpl.invoke(DelegatingMethodAccessorImpl.java:43)
	at java.lang.reflect.Method.invoke(Method.java:498)
	at org.junit.runners.model.FrameworkMethod$1.runReflectiveCall(FrameworkMethod.java:59)
	at org.junit.internal.runners.model.ReflectiveCallable.run(ReflectiveCallable.java:12)
	at org.junit.runners.model.FrameworkMethod.invokeExplosively(FrameworkMethod.java:56)
	at org.junit.internal.runners.statements.InvokeMethod.evaluate(InvokeMethod.java:17)
	at org.junit.internal.runners.statements.RunBefores.evaluate(RunBefores.java:26)
	at org.junit.runners.ParentRunner$3.evaluate(ParentRunner.java:306)
	at org.junit.runners.BlockJUnit4ClassRunner$1.evaluate(BlockJUnit4ClassRunner.java:100)
	at org.junit.runners.ParentRunner.runLeaf(ParentRunner.java:366)
	at org.junit.runners.BlockJUnit4ClassRunner.runChild(BlockJUnit4ClassRunner.java:103)
	at junitparams.JUnitParamsRunner.runChild(JUnitParamsRunner.java:416)
	at junitparams.JUnitParamsRunner.runChild(JUnitParamsRunner.java:385)
	at org.junit.runners.ParentRunner$4.run(ParentRunner.java:331)
	at org.junit.runners.ParentRunner$1.schedule(ParentRunner.java:79)
	at org.junit.runners.ParentRunner.runChildren(ParentRunner.java:329)
	at org.junit.runners.ParentRunner.access$100(ParentRunner.java:66)
	at org.junit.runners.ParentRunner$2.evaluate(ParentRunner.java:293)
	at org.junit.runners.ParentRunner$3.evaluate(ParentRunner.java:306)
	at org.junit.runners.ParentRunner.run(ParentRunner.java:413)
	at org.junit.runner.JUnitCore.run(JUnitCore.java:137)
	at org.junit.runner.JUnitCore.run(JUnitCore.java:115)
	at org.junit.vintage.engine.execution.RunnerExecutor.execute(RunnerExecutor.java:42)
	at org.junit.vintage.engine.VintageTestEngine.executeAllChildren(VintageTestEngine.java:80)
	at org.junit.vintage.engine.VintageTestEngine.execute(VintageTestEngine.java:72)
	at org.junit.platform.launcher.core.EngineExecutionOrchestrator.execute(EngineExecutionOrchestrator.java:107)
	at org.junit.platform.launcher.core.EngineExecutionOrchestrator.execute(EngineExecutionOrchestrator.java:88)
	at org.junit.platform.launcher.core.EngineExecutionOrchestrator.lambda$execute$0(EngineExecutionOrchestrator.java:54)
	at org.junit.platform.launcher.core.EngineExecutionOrchestrator.withInterceptedStreams(EngineExecutionOrchestrator.java:67)
	at org.junit.platform.launcher.core.EngineExecutionOrchestrator.execute(EngineExecutionOrchestrator.java:52)
	at org.junit.platform.launcher.core.DefaultLauncher.execute(DefaultLauncher.java:114)
	at org.junit.platform.launcher.core.DefaultLauncher.execute(DefaultLauncher.java:86)
	at org.junit.platform.launcher.core.DefaultLauncherSession$DelegatingLauncher.execute(DefaultLauncherSession.java:86)
	at org.junit.platform.launcher.core.SessionPerRequestLauncher.execute(SessionPerRequestLauncher.java:53)
	at com.intellij.junit5.JUnit5IdeaTestRunner.startRunnerWithArgs(JUnit5IdeaTestRunner.java:71)
	at com.intellij.rt.junit.IdeaTestRunner$Repeater.startRunnerWithArgs(IdeaTestRunner.java:33)
	at com.intellij.rt.junit.JUnitStarter.prepareStreamsAndStart(JUnitStarter.java:235)
	at com.intellij.rt.junit.JUnitStarter.main(JUnitStarter.java:54)
15.12.2021 10:32:14.875 [main] INFO  c.g.d.etda.webapp.WebAppTest - Starting WebAppTest using Java 1.8.0_252 on lg-omen with PID 14088 (started by Hastya in D:\etda\etdaProject)
15.12.2021 10:32:14.877 [main] INFO  c.g.d.etda.webapp.WebAppTest - The following profiles are active: dev
15.12.2021 10:32:18.839 [main] INFO  c.g.d.etda.webapp.WebAppTest - Started WebAppTest in 4.465 seconds (JVM running for 13.174)
15.12.2021 10:38:55.925 [main] ERROR c.g.d.e.c.console.ConsoleController - Error
java.lang.NullPointerException: null
	at com.github.dmitriydb.etda.controller.console.ConsoleController.registerUser(ConsoleController.java:238)
	at com.github.dmitriydb.etda.controller.console.ConsoleController.processUserAction(ConsoleController.java:167)
	at com.github.dmitriydb.etda.controller.console.ConsoleController$$EnhancerByMockitoWithCGLIB$$ca02f241.CGLIB$processUserAction$0(<generated>)
	at com.github.dmitriydb.etda.controller.console.ConsoleController$$EnhancerByMockitoWithCGLIB$$ca02f241$$FastClassByMockitoWithCGLIB$$ea933571.invoke(<generated>)
	at org.mockito.cglib.proxy.MethodProxy.invokeSuper(MethodProxy.java:216)
	at org.mockito.internal.creation.cglib.DelegatingMockitoMethodProxy.invokeSuper(DelegatingMockitoMethodProxy.java:19)
	at org.mockito.internal.invocation.realmethod.DefaultRealMethod.invoke(DefaultRealMethod.java:21)
	at org.mockito.internal.invocation.realmethod.CleanTraceRealMethod.invoke(CleanTraceRealMethod.java:30)
	at org.mockito.internal.invocation.InvocationImpl.callRealMethod(InvocationImpl.java:112)
	at org.mockito.internal.stubbing.answers.CallsRealMethods.answer(CallsRealMethods.java:41)
	at org.mockito.internal.handler.MockHandlerImpl.handle(MockHandlerImpl.java:93)
	at org.mockito.internal.handler.NullResultGuardian.handle(NullResultGuardian.java:29)
	at org.mockito.internal.handler.InvocationNotifierHandler.handle(InvocationNotifierHandler.java:38)
	at org.mockito.internal.creation.cglib.MethodInterceptorFilter.intercept(MethodInterceptorFilter.java:59)
	at com.github.dmitriydb.etda.controller.console.ConsoleController$$EnhancerByMockitoWithCGLIB$$ca02f241.processUserAction(<generated>)
	at com.github.dmitriydb.etda.controller.console.ConsoleControllerTest.whenRegisterFailsShowErrorRegisterMessage(ConsoleControllerTest.java:472)
	at sun.reflect.NativeMethodAccessorImpl.invoke0(Native Method)
	at sun.reflect.NativeMethodAccessorImpl.invoke(NativeMethodAccessorImpl.java:62)
	at sun.reflect.DelegatingMethodAccessorImpl.invoke(DelegatingMethodAccessorImpl.java:43)
	at java.lang.reflect.Method.invoke(Method.java:498)
	at org.junit.runners.model.FrameworkMethod$1.runReflectiveCall(FrameworkMethod.java:59)
	at org.junit.internal.runners.model.ReflectiveCallable.run(ReflectiveCallable.java:12)
	at org.junit.runners.model.FrameworkMethod.invokeExplosively(FrameworkMethod.java:56)
	at org.junit.internal.runners.statements.InvokeMethod.evaluate(InvokeMethod.java:17)
	at org.junit.internal.runners.statements.RunBefores.evaluate(RunBefores.java:26)
	at org.junit.runners.ParentRunner$3.evaluate(ParentRunner.java:306)
	at org.junit.runners.BlockJUnit4ClassRunner$1.evaluate(BlockJUnit4ClassRunner.java:100)
	at org.junit.runners.ParentRunner.runLeaf(ParentRunner.java:366)
	at org.junit.runners.BlockJUnit4ClassRunner.runChild(BlockJUnit4ClassRunner.java:103)
	at junitparams.JUnitParamsRunner.runChild(JUnitParamsRunner.java:416)
	at junitparams.JUnitParamsRunner.runChild(JUnitParamsRunner.java:385)
	at org.junit.runners.ParentRunner$4.run(ParentRunner.java:331)
	at org.junit.runners.ParentRunner$1.schedule(ParentRunner.java:79)
	at org.junit.runners.ParentRunner.runChildren(ParentRunner.java:329)
	at org.junit.runners.ParentRunner.access$100(ParentRunner.java:66)
	at org.junit.runners.ParentRunner$2.evaluate(ParentRunner.java:293)
	at org.junit.runners.ParentRunner$3.evaluate(ParentRunner.java:306)
	at org.junit.runners.ParentRunner.run(ParentRunner.java:413)
	at org.junit.runner.JUnitCore.run(JUnitCore.java:137)
	at org.junit.runner.JUnitCore.run(JUnitCore.java:115)
	at org.junit.vintage.engine.execution.RunnerExecutor.execute(RunnerExecutor.java:42)
	at org.junit.vintage.engine.VintageTestEngine.executeAllChildren(VintageTestEngine.java:80)
	at org.junit.vintage.engine.VintageTestEngine.execute(VintageTestEngine.java:72)
	at org.junit.platform.launcher.core.EngineExecutionOrchestrator.execute(EngineExecutionOrchestrator.java:107)
	at org.junit.platform.launcher.core.EngineExecutionOrchestrator.execute(EngineExecutionOrchestrator.java:88)
	at org.junit.platform.launcher.core.EngineExecutionOrchestrator.lambda$execute$0(EngineExecutionOrchestrator.java:54)
	at org.junit.platform.launcher.core.EngineExecutionOrchestrator.withInterceptedStreams(EngineExecutionOrchestrator.java:67)
	at org.junit.platform.launcher.core.EngineExecutionOrchestrator.execute(EngineExecutionOrchestrator.java:52)
	at org.junit.platform.launcher.core.DefaultLauncher.execute(DefaultLauncher.java:114)
	at org.junit.platform.launcher.core.DefaultLauncher.execute(DefaultLauncher.java:86)
	at org.junit.platform.launcher.core.DefaultLauncherSession$DelegatingLauncher.execute(DefaultLauncherSession.java:86)
	at org.junit.platform.launcher.core.SessionPerRequestLauncher.execute(SessionPerRequestLauncher.java:53)
	at com.intellij.junit5.JUnit5IdeaTestRunner.startRunnerWithArgs(JUnit5IdeaTestRunner.java:71)
	at com.intellij.rt.junit.IdeaTestRunner$Repeater.startRunnerWithArgs(IdeaTestRunner.java:33)
	at com.intellij.rt.junit.JUnitStarter.prepareStreamsAndStart(JUnitStarter.java:235)
	at com.intellij.rt.junit.JUnitStarter.main(JUnitStarter.java:54)
15.12.2021 10:38:56.610 [main] INFO  c.g.d.etda.webapp.WebAppTest - Starting WebAppTest using Java 1.8.0_252 on lg-omen with PID 13280 (started by Hastya in D:\etda\etdaProject)
15.12.2021 10:38:56.611 [main] INFO  c.g.d.etda.webapp.WebAppTest - The following profiles are active: dev
15.12.2021 10:38:59.665 [main] INFO  c.g.d.etda.webapp.WebAppTest - Started WebAppTest in 3.446 seconds (JVM running for 10.866)
15.12.2021 10:39:45.496 [main] ERROR c.g.d.e.c.console.ConsoleController - Error
java.lang.NullPointerException: null
	at com.github.dmitriydb.etda.controller.console.ConsoleController.registerUser(ConsoleController.java:238)
	at com.github.dmitriydb.etda.controller.console.ConsoleController.processUserAction(ConsoleController.java:167)
	at com.github.dmitriydb.etda.controller.console.ConsoleController$$EnhancerByMockitoWithCGLIB$$accc91c.CGLIB$processUserAction$3(<generated>)
	at com.github.dmitriydb.etda.controller.console.ConsoleController$$EnhancerByMockitoWithCGLIB$$accc91c$$FastClassByMockitoWithCGLIB$$a412a981.invoke(<generated>)
	at org.mockito.cglib.proxy.MethodProxy.invokeSuper(MethodProxy.java:216)
	at org.mockito.internal.creation.cglib.DelegatingMockitoMethodProxy.invokeSuper(DelegatingMockitoMethodProxy.java:19)
	at org.mockito.internal.invocation.realmethod.DefaultRealMethod.invoke(DefaultRealMethod.java:21)
	at org.mockito.internal.invocation.realmethod.CleanTraceRealMethod.invoke(CleanTraceRealMethod.java:30)
	at org.mockito.internal.invocation.InvocationImpl.callRealMethod(InvocationImpl.java:112)
	at org.mockito.internal.stubbing.answers.CallsRealMethods.answer(CallsRealMethods.java:41)
	at org.mockito.internal.handler.MockHandlerImpl.handle(MockHandlerImpl.java:93)
	at org.mockito.internal.handler.NullResultGuardian.handle(NullResultGuardian.java:29)
	at org.mockito.internal.handler.InvocationNotifierHandler.handle(InvocationNotifierHandler.java:38)
	at org.mockito.internal.creation.cglib.MethodInterceptorFilter.intercept(MethodInterceptorFilter.java:59)
	at com.github.dmitriydb.etda.controller.console.ConsoleController$$EnhancerByMockitoWithCGLIB$$accc91c.processUserAction(<generated>)
	at com.github.dmitriydb.etda.controller.console.ConsoleControllerTest.whenRegisterFailsShowErrorRegisterMessage(ConsoleControllerTest.java:472)
	at sun.reflect.NativeMethodAccessorImpl.invoke0(Native Method)
	at sun.reflect.NativeMethodAccessorImpl.invoke(NativeMethodAccessorImpl.java:62)
	at sun.reflect.DelegatingMethodAccessorImpl.invoke(DelegatingMethodAccessorImpl.java:43)
	at java.lang.reflect.Method.invoke(Method.java:498)
	at org.junit.runners.model.FrameworkMethod$1.runReflectiveCall(FrameworkMethod.java:59)
	at org.junit.internal.runners.model.ReflectiveCallable.run(ReflectiveCallable.java:12)
	at org.junit.runners.model.FrameworkMethod.invokeExplosively(FrameworkMethod.java:56)
	at org.junit.internal.runners.statements.InvokeMethod.evaluate(InvokeMethod.java:17)
	at org.junit.internal.runners.statements.RunBefores.evaluate(RunBefores.java:26)
	at org.junit.runners.ParentRunner$3.evaluate(ParentRunner.java:306)
	at org.junit.runners.BlockJUnit4ClassRunner$1.evaluate(BlockJUnit4ClassRunner.java:100)
	at org.junit.runners.ParentRunner.runLeaf(ParentRunner.java:366)
	at org.junit.runners.BlockJUnit4ClassRunner.runChild(BlockJUnit4ClassRunner.java:103)
	at junitparams.JUnitParamsRunner.runChild(JUnitParamsRunner.java:416)
	at junitparams.JUnitParamsRunner.runChild(JUnitParamsRunner.java:385)
	at org.junit.runners.ParentRunner$4.run(ParentRunner.java:331)
	at org.junit.runners.ParentRunner$1.schedule(ParentRunner.java:79)
	at org.junit.runners.ParentRunner.runChildren(ParentRunner.java:329)
	at org.junit.runners.ParentRunner.access$100(ParentRunner.java:66)
	at org.junit.runners.ParentRunner$2.evaluate(ParentRunner.java:293)
	at org.junit.runners.ParentRunner$3.evaluate(ParentRunner.java:306)
	at org.junit.runners.ParentRunner.run(ParentRunner.java:413)
	at org.junit.runner.JUnitCore.run(JUnitCore.java:137)
	at org.junit.runner.JUnitCore.run(JUnitCore.java:115)
	at org.junit.vintage.engine.execution.RunnerExecutor.execute(RunnerExecutor.java:42)
	at org.junit.vintage.engine.VintageTestEngine.executeAllChildren(VintageTestEngine.java:80)
	at org.junit.vintage.engine.VintageTestEngine.execute(VintageTestEngine.java:72)
	at org.junit.platform.launcher.core.EngineExecutionOrchestrator.execute(EngineExecutionOrchestrator.java:107)
	at org.junit.platform.launcher.core.EngineExecutionOrchestrator.execute(EngineExecutionOrchestrator.java:88)
	at org.junit.platform.launcher.core.EngineExecutionOrchestrator.lambda$execute$0(EngineExecutionOrchestrator.java:54)
	at org.junit.platform.launcher.core.EngineExecutionOrchestrator.withInterceptedStreams(EngineExecutionOrchestrator.java:67)
	at org.junit.platform.launcher.core.EngineExecutionOrchestrator.execute(EngineExecutionOrchestrator.java:52)
	at org.junit.platform.launcher.core.DefaultLauncher.execute(DefaultLauncher.java:114)
	at org.junit.platform.launcher.core.DefaultLauncher.execute(DefaultLauncher.java:86)
	at org.junit.platform.launcher.core.DefaultLauncherSession$DelegatingLauncher.execute(DefaultLauncherSession.java:86)
	at org.junit.platform.launcher.core.SessionPerRequestLauncher.execute(SessionPerRequestLauncher.java:53)
	at com.intellij.junit5.JUnit5IdeaTestRunner.startRunnerWithArgs(JUnit5IdeaTestRunner.java:71)
	at com.intellij.rt.junit.IdeaTestRunner$Repeater.startRunnerWithArgs(IdeaTestRunner.java:33)
	at com.intellij.rt.junit.JUnitStarter.prepareStreamsAndStart(JUnitStarter.java:235)
	at com.intellij.rt.junit.JUnitStarter.main(JUnitStarter.java:54)
15.12.2021 10:39:46.309 [main] INFO  c.g.d.etda.webapp.WebAppTest - Starting WebAppTest using Java 1.8.0_252 on lg-omen with PID 3168 (started by Hastya in D:\etda\etdaProject)
15.12.2021 10:39:46.310 [main] INFO  c.g.d.etda.webapp.WebAppTest - The following profiles are active: dev
15.12.2021 10:39:50.048 [main] INFO  c.g.d.etda.webapp.WebAppTest - Started WebAppTest in 4.203 seconds (JVM running for 13.665)
15.12.2021 10:57:26.266 [main] INFO  c.g.d.etda.webapp.WebAppTest - Starting WebAppTest using Java 1.8.0_252 on lg-omen with PID 10628 (started by Hastya in D:\etda\etdaProject)
15.12.2021 10:57:26.266 [main] INFO  c.g.d.etda.webapp.WebAppTest - The following profiles are active: dev
15.12.2021 10:57:29.447 [main] INFO  c.g.d.etda.webapp.WebAppTest - Started WebAppTest in 3.554 seconds (JVM running for 5.126)
15.12.2021 10:57:44.101 [main] INFO  c.g.d.etda.webapp.WebAppTest - Starting WebAppTest using Java 1.8.0_252 on lg-omen with PID 8576 (started by Hastya in D:\etda\etdaProject)
15.12.2021 10:57:44.101 [main] INFO  c.g.d.etda.webapp.WebAppTest - The following profiles are active: dev
15.12.2021 10:57:47.392 [main] INFO  c.g.d.etda.webapp.WebAppTest - Started WebAppTest in 3.663 seconds (JVM running for 5.194)
15.12.2021 11:02:23.426 [main] INFO  c.g.d.etda.webapp.WebAppTest - Starting WebAppTest using Java 1.8.0_252 on lg-omen with PID 22784 (started by Hastya in D:\etda\etdaProject)
15.12.2021 11:02:23.427 [main] INFO  c.g.d.etda.webapp.WebAppTest - The following profiles are active: dev
15.12.2021 11:02:26.605 [main] INFO  c.g.d.etda.webapp.WebAppTest - Started WebAppTest in 3.561 seconds (JVM running for 5.048)
15.12.2021 11:03:04.521 [main] INFO  c.g.d.etda.webapp.WebAppTest - Starting WebAppTest using Java 1.8.0_252 on lg-omen with PID 15556 (started by Hastya in D:\etda\etdaProject)
15.12.2021 11:03:04.522 [main] INFO  c.g.d.etda.webapp.WebAppTest - The following profiles are active: dev
15.12.2021 11:03:07.470 [main] INFO  c.g.d.etda.webapp.WebAppTest - Started WebAppTest in 3.274 seconds (JVM running for 7.672)
15.12.2021 11:04:00.007 [main] INFO  c.g.d.etda.webapp.WebAppTest - Starting WebAppTest using Java 1.8.0_252 on lg-omen with PID 1048 (started by Hastya in D:\etda\etdaProject)
15.12.2021 11:04:00.008 [main] INFO  c.g.d.etda.webapp.WebAppTest - The following profiles are active: dev
15.12.2021 11:04:03.166 [main] INFO  c.g.d.etda.webapp.WebAppTest - Started WebAppTest in 3.475 seconds (JVM running for 7.893)
15.12.2021 11:04:31.251 [main] INFO  c.g.d.etda.webapp.WebAppTest - Starting WebAppTest using Java 1.8.0_252 on lg-omen with PID 19784 (started by Hastya in D:\etda\etdaProject)
15.12.2021 11:04:31.252 [main] INFO  c.g.d.etda.webapp.WebAppTest - The following profiles are active: dev
15.12.2021 11:04:34.275 [main] INFO  c.g.d.etda.webapp.WebAppTest - Started WebAppTest in 3.368 seconds (JVM running for 7.845)
15.12.2021 11:05:29.013 [main] INFO  c.g.d.etda.webapp.WebAppTest - Starting WebAppTest using Java 1.8.0_252 on lg-omen with PID 11624 (started by Hastya in D:\etda\etdaProject)
15.12.2021 11:05:29.014 [main] INFO  c.g.d.etda.webapp.WebAppTest - The following profiles are active: dev
15.12.2021 11:05:32.030 [main] INFO  c.g.d.etda.webapp.WebAppTest - Started WebAppTest in 3.33 seconds (JVM running for 7.932)
15.12.2021 11:05:44.091 [main] INFO  c.g.d.etda.webapp.WebAppTest - Starting WebAppTest using Java 1.8.0_252 on lg-omen with PID 5248 (started by Hastya in D:\etda\etdaProject)
15.12.2021 11:05:44.093 [main] INFO  c.g.d.etda.webapp.WebAppTest - The following profiles are active: dev
15.12.2021 11:05:47.896 [main] INFO  c.g.d.etda.webapp.WebAppTest - Started WebAppTest in 4.218 seconds (JVM running for 10.263)
15.12.2021 11:10:06.377 [main] INFO  c.g.d.etda.webapp.WebAppTest - Starting WebAppTest using Java 1.8.0_252 on lg-omen with PID 19040 (started by Hastya in D:\etda\etdaProject)
15.12.2021 11:10:06.378 [main] INFO  c.g.d.etda.webapp.WebAppTest - The following profiles are active: dev
15.12.2021 11:10:09.331 [main] INFO  c.g.d.etda.webapp.WebAppTest - Started WebAppTest in 3.274 seconds (JVM running for 7.681)
15.12.2021 11:11:13.167 [main] INFO  c.g.d.etda.webapp.WebAppTest - Starting WebAppTest using Java 1.8.0_252 on lg-omen with PID 7800 (started by Hastya in D:\etda\etdaProject)
15.12.2021 11:11:13.167 [main] INFO  c.g.d.etda.webapp.WebAppTest - The following profiles are active: dev
15.12.2021 11:11:16.089 [main] INFO  c.g.d.etda.webapp.WebAppTest - Started WebAppTest in 3.235 seconds (JVM running for 7.649)
15.12.2021 11:12:59.646 [main] INFO  c.g.d.etda.webapp.WebAppTest - Starting WebAppTest using Java 1.8.0_252 on lg-omen with PID 4444 (started by Hastya in D:\etda\etdaProject)
15.12.2021 11:12:59.647 [main] INFO  c.g.d.etda.webapp.WebAppTest - The following profiles are active: dev
15.12.2021 11:13:02.597 [main] INFO  c.g.d.etda.webapp.WebAppTest - Started WebAppTest in 3.272 seconds (JVM running for 7.742)
15.12.2021 11:13:33.688 [main] INFO  c.g.d.etda.webapp.WebAppTest - Starting WebAppTest using Java 1.8.0_252 on lg-omen with PID 8152 (started by Hastya in D:\etda\etdaProject)
15.12.2021 11:13:33.688 [main] INFO  c.g.d.etda.webapp.WebAppTest - The following profiles are active: dev
15.12.2021 11:13:36.630 [main] INFO  c.g.d.etda.webapp.WebAppTest - Started WebAppTest in 3.265 seconds (JVM running for 7.662)
15.12.2021 11:13:55.373 [main] INFO  c.g.d.etda.webapp.WebAppTest - Starting WebAppTest using Java 1.8.0_252 on lg-omen with PID 9948 (started by Hastya in D:\etda\etdaProject)
15.12.2021 11:13:55.374 [main] INFO  c.g.d.etda.webapp.WebAppTest - The following profiles are active: dev
15.12.2021 11:13:58.338 [main] INFO  c.g.d.etda.webapp.WebAppTest - Started WebAppTest in 3.284 seconds (JVM running for 7.59)
15.12.2021 11:14:53.613 [main] INFO  c.g.d.etda.webapp.WebAppTest - Starting WebAppTest using Java 1.8.0_252 on lg-omen with PID 10948 (started by Hastya in D:\etda\etdaProject)
15.12.2021 11:14:53.613 [main] INFO  c.g.d.etda.webapp.WebAppTest - The following profiles are active: dev
15.12.2021 11:14:56.536 [main] INFO  c.g.d.etda.webapp.WebAppTest - Started WebAppTest in 3.239 seconds (JVM running for 7.608)
15.12.2021 11:17:09.099 [main] INFO  c.g.d.etda.webapp.WebAppTest - Starting WebAppTest using Java 1.8.0_252 on lg-omen with PID 8440 (started by Hastya in D:\etda\etdaProject)
15.12.2021 11:17:09.099 [main] INFO  c.g.d.etda.webapp.WebAppTest - The following profiles are active: dev
15.12.2021 11:17:12.053 [main] INFO  c.g.d.etda.webapp.WebAppTest - Started WebAppTest in 3.274 seconds (JVM running for 7.708)
15.12.2021 11:18:00.852 [main] INFO  c.g.d.etda.webapp.WebAppTest - Starting WebAppTest using Java 1.8.0_252 on lg-omen with PID 1108 (started by Hastya in D:\etda\etdaProject)
15.12.2021 11:18:00.852 [main] INFO  c.g.d.etda.webapp.WebAppTest - The following profiles are active: dev
15.12.2021 11:18:03.850 [main] INFO  c.g.d.etda.webapp.WebAppTest - Started WebAppTest in 3.32 seconds (JVM running for 7.705)
15.12.2021 11:18:20.577 [main] INFO  c.g.d.etda.webapp.WebAppTest - Starting WebAppTest using Java 1.8.0_252 on lg-omen with PID 22552 (started by Hastya in D:\etda\etdaProject)
15.12.2021 11:18:20.578 [main] INFO  c.g.d.etda.webapp.WebAppTest - The following profiles are active: dev
15.12.2021 11:18:23.486 [main] INFO  c.g.d.etda.webapp.WebAppTest - Started WebAppTest in 3.227 seconds (JVM running for 7.592)
15.12.2021 11:18:45.279 [main] INFO  c.g.d.etda.webapp.WebAppTest - Starting WebAppTest using Java 1.8.0_252 on lg-omen with PID 12384 (started by Hastya in D:\etda\etdaProject)
15.12.2021 11:18:45.279 [main] INFO  c.g.d.etda.webapp.WebAppTest - The following profiles are active: dev
15.12.2021 11:18:48.194 [main] INFO  c.g.d.etda.webapp.WebAppTest - Started WebAppTest in 3.231 seconds (JVM running for 7.501)
15.12.2021 11:19:47.258 [main] INFO  c.g.d.etda.webapp.WebAppTest - Starting WebAppTest using Java 1.8.0_252 on lg-omen with PID 11164 (started by Hastya in D:\etda\etdaProject)
15.12.2021 11:19:47.258 [main] INFO  c.g.d.etda.webapp.WebAppTest - The following profiles are active: dev
15.12.2021 11:19:50.178 [main] INFO  c.g.d.etda.webapp.WebAppTest - Started WebAppTest in 3.239 seconds (JVM running for 7.557)
15.12.2021 11:20:20.484 [main] INFO  c.g.d.etda.webapp.WebAppTest - Starting WebAppTest using Java 1.8.0_252 on lg-omen with PID 17972 (started by Hastya in D:\etda\etdaProject)
15.12.2021 11:20:20.485 [main] INFO  c.g.d.etda.webapp.WebAppTest - The following profiles are active: dev
15.12.2021 11:20:23.397 [main] INFO  c.g.d.etda.webapp.WebAppTest - Started WebAppTest in 3.235 seconds (JVM running for 7.565)
15.12.2021 11:20:52.262 [main] INFO  c.g.dmitriydb.etda.webapp.WebApp - Starting WebApp using Java 1.8.0_252 on lg-omen with PID 7252 (D:\etda\etdaProject\target\classes started by Hastya in D:\etda\etdaProject)
15.12.2021 11:20:52.262 [main] INFO  c.g.dmitriydb.etda.webapp.WebApp - The following profiles are active: dev
15.12.2021 11:20:54.888 [main] INFO  c.g.dmitriydb.etda.webapp.WebApp - Started WebApp in 3.051 seconds (JVM running for 7.402)
15.12.2021 11:22:02.703 [main] INFO  c.g.d.etda.webapp.WebAppTest - Starting WebAppTest using Java 1.8.0_252 on lg-omen with PID 10416 (started by Hastya in D:\etda\etdaProject)
15.12.2021 11:22:02.704 [main] INFO  c.g.d.etda.webapp.WebAppTest - The following profiles are active: dev
15.12.2021 11:22:05.766 [main] INFO  c.g.d.etda.webapp.WebAppTest - Started WebAppTest in 3.381 seconds (JVM running for 7.676)
15.12.2021 11:22:06.852 [main] ERROR c.g.d.etda.model.dao.SimpleDAO - org.hibernate.hql.internal.ast.QuerySyntaxException: unexpected token: null near line 1, column 68 [FROM com.github.dmitriydb.etda.model.simplemodel.domain.Department null]
15.12.2021 11:22:06.858 [main] ERROR c.g.d.etda.model.dao.SimpleDAO - org.hibernate.hql.internal.ast.QuerySyntaxException: unexpected token: null near line 1, column 84 [SELECT COUNT(*) FROM com.github.dmitriydb.etda.model.simplemodel.domain.Department null]
15.12.2021 11:23:04.520 [main] ERROR c.g.d.e.c.console.ConsoleController - Error
java.lang.NullPointerException: null
	at com.github.dmitriydb.etda.controller.console.ConsoleController.registerUser(ConsoleController.java:238)
	at com.github.dmitriydb.etda.controller.console.ConsoleController.processUserAction(ConsoleController.java:167)
	at com.github.dmitriydb.etda.controller.console.ConsoleController$$EnhancerByMockitoWithCGLIB$$188c277d.CGLIB$processUserAction$1(<generated>)
	at com.github.dmitriydb.etda.controller.console.ConsoleController$$EnhancerByMockitoWithCGLIB$$188c277d$$FastClassByMockitoWithCGLIB$$37faa92c.invoke(<generated>)
	at org.mockito.cglib.proxy.MethodProxy.invokeSuper(MethodProxy.java:216)
	at org.mockito.internal.creation.cglib.DelegatingMockitoMethodProxy.invokeSuper(DelegatingMockitoMethodProxy.java:19)
	at org.mockito.internal.invocation.realmethod.DefaultRealMethod.invoke(DefaultRealMethod.java:21)
	at org.mockito.internal.invocation.realmethod.CleanTraceRealMethod.invoke(CleanTraceRealMethod.java:30)
	at org.mockito.internal.invocation.InvocationImpl.callRealMethod(InvocationImpl.java:112)
	at org.mockito.internal.stubbing.answers.CallsRealMethods.answer(CallsRealMethods.java:41)
	at org.mockito.internal.handler.MockHandlerImpl.handle(MockHandlerImpl.java:93)
	at org.mockito.internal.handler.NullResultGuardian.handle(NullResultGuardian.java:29)
	at org.mockito.internal.handler.InvocationNotifierHandler.handle(InvocationNotifierHandler.java:38)
	at org.mockito.internal.creation.cglib.MethodInterceptorFilter.intercept(MethodInterceptorFilter.java:59)
	at com.github.dmitriydb.etda.controller.console.ConsoleController$$EnhancerByMockitoWithCGLIB$$188c277d.processUserAction(<generated>)
	at com.github.dmitriydb.etda.controller.console.ConsoleControllerTest.whenRegisterFailsShowErrorRegisterMessage(ConsoleControllerTest.java:472)
	at sun.reflect.NativeMethodAccessorImpl.invoke0(Native Method)
	at sun.reflect.NativeMethodAccessorImpl.invoke(NativeMethodAccessorImpl.java:62)
	at sun.reflect.DelegatingMethodAccessorImpl.invoke(DelegatingMethodAccessorImpl.java:43)
	at java.lang.reflect.Method.invoke(Method.java:498)
	at org.junit.runners.model.FrameworkMethod$1.runReflectiveCall(FrameworkMethod.java:59)
	at org.junit.internal.runners.model.ReflectiveCallable.run(ReflectiveCallable.java:12)
	at org.junit.runners.model.FrameworkMethod.invokeExplosively(FrameworkMethod.java:56)
	at org.junit.internal.runners.statements.InvokeMethod.evaluate(InvokeMethod.java:17)
	at org.junit.internal.runners.statements.RunBefores.evaluate(RunBefores.java:26)
	at org.junit.runners.ParentRunner$3.evaluate(ParentRunner.java:306)
	at org.junit.runners.BlockJUnit4ClassRunner$1.evaluate(BlockJUnit4ClassRunner.java:100)
	at org.junit.runners.ParentRunner.runLeaf(ParentRunner.java:366)
	at org.junit.runners.BlockJUnit4ClassRunner.runChild(BlockJUnit4ClassRunner.java:103)
	at junitparams.JUnitParamsRunner.runChild(JUnitParamsRunner.java:416)
	at junitparams.JUnitParamsRunner.runChild(JUnitParamsRunner.java:385)
	at org.junit.runners.ParentRunner$4.run(ParentRunner.java:331)
	at org.junit.runners.ParentRunner$1.schedule(ParentRunner.java:79)
	at org.junit.runners.ParentRunner.runChildren(ParentRunner.java:329)
	at org.junit.runners.ParentRunner.access$100(ParentRunner.java:66)
	at org.junit.runners.ParentRunner$2.evaluate(ParentRunner.java:293)
	at org.junit.runners.ParentRunner$3.evaluate(ParentRunner.java:306)
	at org.junit.runners.ParentRunner.run(ParentRunner.java:413)
	at org.junit.runner.JUnitCore.run(JUnitCore.java:137)
	at org.junit.runner.JUnitCore.run(JUnitCore.java:115)
	at org.junit.vintage.engine.execution.RunnerExecutor.execute(RunnerExecutor.java:42)
	at org.junit.vintage.engine.VintageTestEngine.executeAllChildren(VintageTestEngine.java:80)
	at org.junit.vintage.engine.VintageTestEngine.execute(VintageTestEngine.java:72)
	at org.junit.platform.launcher.core.EngineExecutionOrchestrator.execute(EngineExecutionOrchestrator.java:107)
	at org.junit.platform.launcher.core.EngineExecutionOrchestrator.execute(EngineExecutionOrchestrator.java:88)
	at org.junit.platform.launcher.core.EngineExecutionOrchestrator.lambda$execute$0(EngineExecutionOrchestrator.java:54)
	at org.junit.platform.launcher.core.EngineExecutionOrchestrator.withInterceptedStreams(EngineExecutionOrchestrator.java:67)
	at org.junit.platform.launcher.core.EngineExecutionOrchestrator.execute(EngineExecutionOrchestrator.java:52)
	at org.junit.platform.launcher.core.DefaultLauncher.execute(DefaultLauncher.java:114)
	at org.junit.platform.launcher.core.DefaultLauncher.execute(DefaultLauncher.java:86)
	at org.junit.platform.launcher.core.DefaultLauncherSession$DelegatingLauncher.execute(DefaultLauncherSession.java:86)
	at org.junit.platform.launcher.core.SessionPerRequestLauncher.execute(SessionPerRequestLauncher.java:53)
	at com.intellij.junit5.JUnit5IdeaTestRunner.startRunnerWithArgs(JUnit5IdeaTestRunner.java:71)
	at com.intellij.rt.junit.IdeaTestRunner$Repeater.startRunnerWithArgs(IdeaTestRunner.java:33)
	at com.intellij.rt.junit.JUnitStarter.prepareStreamsAndStart(JUnitStarter.java:235)
	at com.intellij.rt.junit.JUnitStarter.main(JUnitStarter.java:54)
15.12.2021 11:23:05.367 [main] INFO  c.g.d.etda.webapp.WebAppTest - Starting WebAppTest using Java 1.8.0_252 on lg-omen with PID 11016 (started by Hastya in D:\etda\etdaProject)
15.12.2021 11:23:05.369 [main] INFO  c.g.d.etda.webapp.WebAppTest - The following profiles are active: dev
15.12.2021 11:23:09.555 [main] INFO  c.g.d.etda.webapp.WebAppTest - Started WebAppTest in 4.679 seconds (JVM running for 13.996)
15.12.2021 11:24:31.125 [main] ERROR c.g.d.e.c.console.ConsoleController - Error
java.lang.NullPointerException: null
	at com.github.dmitriydb.etda.controller.console.ConsoleController.registerUser(ConsoleController.java:238)
	at com.github.dmitriydb.etda.controller.console.ConsoleController.processUserAction(ConsoleController.java:167)
	at com.github.dmitriydb.etda.controller.console.ConsoleController$$EnhancerByMockitoWithCGLIB$$ea977e98.CGLIB$processUserAction$0(<generated>)
	at com.github.dmitriydb.etda.controller.console.ConsoleController$$EnhancerByMockitoWithCGLIB$$ea977e98$$FastClassByMockitoWithCGLIB$$c9e304ef.invoke(<generated>)
	at org.mockito.cglib.proxy.MethodProxy.invokeSuper(MethodProxy.java:216)
	at org.mockito.internal.creation.cglib.DelegatingMockitoMethodProxy.invokeSuper(DelegatingMockitoMethodProxy.java:19)
	at org.mockito.internal.invocation.realmethod.DefaultRealMethod.invoke(DefaultRealMethod.java:21)
	at org.mockito.internal.invocation.realmethod.CleanTraceRealMethod.invoke(CleanTraceRealMethod.java:30)
	at org.mockito.internal.invocation.InvocationImpl.callRealMethod(InvocationImpl.java:112)
	at org.mockito.internal.stubbing.answers.CallsRealMethods.answer(CallsRealMethods.java:41)
	at org.mockito.internal.handler.MockHandlerImpl.handle(MockHandlerImpl.java:93)
	at org.mockito.internal.handler.NullResultGuardian.handle(NullResultGuardian.java:29)
	at org.mockito.internal.handler.InvocationNotifierHandler.handle(InvocationNotifierHandler.java:38)
	at org.mockito.internal.creation.cglib.MethodInterceptorFilter.intercept(MethodInterceptorFilter.java:59)
	at com.github.dmitriydb.etda.controller.console.ConsoleController$$EnhancerByMockitoWithCGLIB$$ea977e98.processUserAction(<generated>)
	at com.github.dmitriydb.etda.controller.console.ConsoleControllerTest.whenRegisterFailsShowErrorRegisterMessage(ConsoleControllerTest.java:472)
	at sun.reflect.NativeMethodAccessorImpl.invoke0(Native Method)
	at sun.reflect.NativeMethodAccessorImpl.invoke(NativeMethodAccessorImpl.java:62)
	at sun.reflect.DelegatingMethodAccessorImpl.invoke(DelegatingMethodAccessorImpl.java:43)
	at java.lang.reflect.Method.invoke(Method.java:498)
	at org.junit.runners.model.FrameworkMethod$1.runReflectiveCall(FrameworkMethod.java:59)
	at org.junit.internal.runners.model.ReflectiveCallable.run(ReflectiveCallable.java:12)
	at org.junit.runners.model.FrameworkMethod.invokeExplosively(FrameworkMethod.java:56)
	at org.junit.internal.runners.statements.InvokeMethod.evaluate(InvokeMethod.java:17)
	at org.junit.internal.runners.statements.RunBefores.evaluate(RunBefores.java:26)
	at org.junit.runners.ParentRunner$3.evaluate(ParentRunner.java:306)
	at org.junit.runners.BlockJUnit4ClassRunner$1.evaluate(BlockJUnit4ClassRunner.java:100)
	at org.junit.runners.ParentRunner.runLeaf(ParentRunner.java:366)
	at org.junit.runners.BlockJUnit4ClassRunner.runChild(BlockJUnit4ClassRunner.java:103)
	at junitparams.JUnitParamsRunner.runChild(JUnitParamsRunner.java:416)
	at junitparams.JUnitParamsRunner.runChild(JUnitParamsRunner.java:385)
	at org.junit.runners.ParentRunner$4.run(ParentRunner.java:331)
	at org.junit.runners.ParentRunner$1.schedule(ParentRunner.java:79)
	at org.junit.runners.ParentRunner.runChildren(ParentRunner.java:329)
	at org.junit.runners.ParentRunner.access$100(ParentRunner.java:66)
	at org.junit.runners.ParentRunner$2.evaluate(ParentRunner.java:293)
	at org.junit.runners.ParentRunner$3.evaluate(ParentRunner.java:306)
	at org.junit.runners.ParentRunner.run(ParentRunner.java:413)
	at org.junit.runner.JUnitCore.run(JUnitCore.java:137)
	at org.junit.runner.JUnitCore.run(JUnitCore.java:115)
	at org.junit.vintage.engine.execution.RunnerExecutor.execute(RunnerExecutor.java:42)
	at org.junit.vintage.engine.VintageTestEngine.executeAllChildren(VintageTestEngine.java:80)
	at org.junit.vintage.engine.VintageTestEngine.execute(VintageTestEngine.java:72)
	at org.junit.platform.launcher.core.EngineExecutionOrchestrator.execute(EngineExecutionOrchestrator.java:107)
	at org.junit.platform.launcher.core.EngineExecutionOrchestrator.execute(EngineExecutionOrchestrator.java:88)
	at org.junit.platform.launcher.core.EngineExecutionOrchestrator.lambda$execute$0(EngineExecutionOrchestrator.java:54)
	at org.junit.platform.launcher.core.EngineExecutionOrchestrator.withInterceptedStreams(EngineExecutionOrchestrator.java:67)
	at org.junit.platform.launcher.core.EngineExecutionOrchestrator.execute(EngineExecutionOrchestrator.java:52)
	at org.junit.platform.launcher.core.DefaultLauncher.execute(DefaultLauncher.java:114)
	at org.junit.platform.launcher.core.DefaultLauncher.execute(DefaultLauncher.java:86)
	at org.junit.platform.launcher.core.DefaultLauncherSession$DelegatingLauncher.execute(DefaultLauncherSession.java:86)
	at org.junit.platform.launcher.core.SessionPerRequestLauncher.execute(SessionPerRequestLauncher.java:53)
	at com.intellij.junit5.JUnit5IdeaTestRunner.startRunnerWithArgs(JUnit5IdeaTestRunner.java:71)
	at com.intellij.rt.junit.IdeaTestRunner$Repeater.startRunnerWithArgs(IdeaTestRunner.java:33)
	at com.intellij.rt.junit.JUnitStarter.prepareStreamsAndStart(JUnitStarter.java:235)
	at com.intellij.rt.junit.JUnitStarter.main(JUnitStarter.java:54)
15.12.2021 11:24:31.715 [main] INFO  c.g.d.etda.webapp.WebAppTest - Starting WebAppTest using Java 1.8.0_252 on lg-omen with PID 8732 (started by Hastya in D:\etda\etdaProject)
15.12.2021 11:24:31.716 [main] INFO  c.g.d.etda.webapp.WebAppTest - The following profiles are active: dev
15.12.2021 11:24:34.749 [main] INFO  c.g.d.etda.webapp.WebAppTest - Started WebAppTest in 3.355 seconds (JVM running for 9.5)
15.12.2021 11:25:44.385 [main] ERROR c.g.d.e.c.console.ConsoleController - Error
java.lang.NullPointerException: null
	at com.github.dmitriydb.etda.controller.console.ConsoleController.registerUser(ConsoleController.java:238)
	at com.github.dmitriydb.etda.controller.console.ConsoleController.processUserAction(ConsoleController.java:167)
	at com.github.dmitriydb.etda.controller.console.ConsoleController$$EnhancerByMockitoWithCGLIB$$ea977e98.CGLIB$processUserAction$0(<generated>)
	at com.github.dmitriydb.etda.controller.console.ConsoleController$$EnhancerByMockitoWithCGLIB$$ea977e98$$FastClassByMockitoWithCGLIB$$c9e304ef.invoke(<generated>)
	at org.mockito.cglib.proxy.MethodProxy.invokeSuper(MethodProxy.java:216)
	at org.mockito.internal.creation.cglib.DelegatingMockitoMethodProxy.invokeSuper(DelegatingMockitoMethodProxy.java:19)
	at org.mockito.internal.invocation.realmethod.DefaultRealMethod.invoke(DefaultRealMethod.java:21)
	at org.mockito.internal.invocation.realmethod.CleanTraceRealMethod.invoke(CleanTraceRealMethod.java:30)
	at org.mockito.internal.invocation.InvocationImpl.callRealMethod(InvocationImpl.java:112)
	at org.mockito.internal.stubbing.answers.CallsRealMethods.answer(CallsRealMethods.java:41)
	at org.mockito.internal.handler.MockHandlerImpl.handle(MockHandlerImpl.java:93)
	at org.mockito.internal.handler.NullResultGuardian.handle(NullResultGuardian.java:29)
	at org.mockito.internal.handler.InvocationNotifierHandler.handle(InvocationNotifierHandler.java:38)
	at org.mockito.internal.creation.cglib.MethodInterceptorFilter.intercept(MethodInterceptorFilter.java:59)
	at com.github.dmitriydb.etda.controller.console.ConsoleController$$EnhancerByMockitoWithCGLIB$$ea977e98.processUserAction(<generated>)
	at com.github.dmitriydb.etda.controller.console.ConsoleControllerTest.whenRegisterFailsShowErrorRegisterMessage(ConsoleControllerTest.java:472)
	at sun.reflect.NativeMethodAccessorImpl.invoke0(Native Method)
	at sun.reflect.NativeMethodAccessorImpl.invoke(NativeMethodAccessorImpl.java:62)
	at sun.reflect.DelegatingMethodAccessorImpl.invoke(DelegatingMethodAccessorImpl.java:43)
	at java.lang.reflect.Method.invoke(Method.java:498)
	at org.junit.runners.model.FrameworkMethod$1.runReflectiveCall(FrameworkMethod.java:59)
	at org.junit.internal.runners.model.ReflectiveCallable.run(ReflectiveCallable.java:12)
	at org.junit.runners.model.FrameworkMethod.invokeExplosively(FrameworkMethod.java:56)
	at org.junit.internal.runners.statements.InvokeMethod.evaluate(InvokeMethod.java:17)
	at org.junit.internal.runners.statements.RunBefores.evaluate(RunBefores.java:26)
	at org.junit.runners.ParentRunner$3.evaluate(ParentRunner.java:306)
	at org.junit.runners.BlockJUnit4ClassRunner$1.evaluate(BlockJUnit4ClassRunner.java:100)
	at org.junit.runners.ParentRunner.runLeaf(ParentRunner.java:366)
	at org.junit.runners.BlockJUnit4ClassRunner.runChild(BlockJUnit4ClassRunner.java:103)
	at junitparams.JUnitParamsRunner.runChild(JUnitParamsRunner.java:416)
	at junitparams.JUnitParamsRunner.runChild(JUnitParamsRunner.java:385)
	at org.junit.runners.ParentRunner$4.run(ParentRunner.java:331)
	at org.junit.runners.ParentRunner$1.schedule(ParentRunner.java:79)
	at org.junit.runners.ParentRunner.runChildren(ParentRunner.java:329)
	at org.junit.runners.ParentRunner.access$100(ParentRunner.java:66)
	at org.junit.runners.ParentRunner$2.evaluate(ParentRunner.java:293)
	at org.junit.runners.ParentRunner$3.evaluate(ParentRunner.java:306)
	at org.junit.runners.ParentRunner.run(ParentRunner.java:413)
	at org.junit.runner.JUnitCore.run(JUnitCore.java:137)
	at org.junit.runner.JUnitCore.run(JUnitCore.java:115)
	at org.junit.vintage.engine.execution.RunnerExecutor.execute(RunnerExecutor.java:42)
	at org.junit.vintage.engine.VintageTestEngine.executeAllChildren(VintageTestEngine.java:80)
	at org.junit.vintage.engine.VintageTestEngine.execute(VintageTestEngine.java:72)
	at org.junit.platform.launcher.core.EngineExecutionOrchestrator.execute(EngineExecutionOrchestrator.java:107)
	at org.junit.platform.launcher.core.EngineExecutionOrchestrator.execute(EngineExecutionOrchestrator.java:88)
	at org.junit.platform.launcher.core.EngineExecutionOrchestrator.lambda$execute$0(EngineExecutionOrchestrator.java:54)
	at org.junit.platform.launcher.core.EngineExecutionOrchestrator.withInterceptedStreams(EngineExecutionOrchestrator.java:67)
	at org.junit.platform.launcher.core.EngineExecutionOrchestrator.execute(EngineExecutionOrchestrator.java:52)
	at org.junit.platform.launcher.core.DefaultLauncher.execute(DefaultLauncher.java:114)
	at org.junit.platform.launcher.core.DefaultLauncher.execute(DefaultLauncher.java:86)
	at org.junit.platform.launcher.core.DefaultLauncherSession$DelegatingLauncher.execute(DefaultLauncherSession.java:86)
	at org.junit.platform.launcher.core.SessionPerRequestLauncher.execute(SessionPerRequestLauncher.java:53)
	at com.intellij.junit5.JUnit5IdeaTestRunner.startRunnerWithArgs(JUnit5IdeaTestRunner.java:71)
	at com.intellij.rt.junit.IdeaTestRunner$Repeater.startRunnerWithArgs(IdeaTestRunner.java:33)
	at com.intellij.rt.junit.JUnitStarter.prepareStreamsAndStart(JUnitStarter.java:235)
	at com.intellij.rt.junit.JUnitStarter.main(JUnitStarter.java:54)
15.12.2021 11:25:45.080 [main] INFO  c.g.d.etda.webapp.WebAppTest - Starting WebAppTest using Java 1.8.0_252 on lg-omen with PID 5400 (started by Hastya in D:\etda\etdaProject)
15.12.2021 11:25:45.080 [main] INFO  c.g.d.etda.webapp.WebAppTest - The following profiles are active: dev
15.12.2021 11:25:47.964 [main] INFO  c.g.d.etda.webapp.WebAppTest - Started WebAppTest in 3.199 seconds (JVM running for 9.675)
15.12.2021 11:25:49.244 [main] ERROR c.g.d.etda.model.dao.SimpleDAO - org.hibernate.hql.internal.ast.QuerySyntaxException: unexpected token: null near line 1, column 68 [FROM com.github.dmitriydb.etda.model.simplemodel.domain.Department null]
15.12.2021 11:25:49.249 [main] ERROR c.g.d.etda.model.dao.SimpleDAO - org.hibernate.hql.internal.ast.QuerySyntaxException: unexpected token: null near line 1, column 84 [SELECT COUNT(*) FROM com.github.dmitriydb.etda.model.simplemodel.domain.Department null]
15.12.2021 11:26:07.931 [main] ERROR c.g.d.e.c.console.ConsoleController - Error
java.lang.NullPointerException: null
	at com.github.dmitriydb.etda.controller.console.ConsoleController.registerUser(ConsoleController.java:238)
	at com.github.dmitriydb.etda.controller.console.ConsoleController.processUserAction(ConsoleController.java:167)
	at com.github.dmitriydb.etda.controller.console.ConsoleController$$EnhancerByMockitoWithCGLIB$$f062feca.CGLIB$processUserAction$0(<generated>)
	at com.github.dmitriydb.etda.controller.console.ConsoleController$$EnhancerByMockitoWithCGLIB$$f062feca$$FastClassByMockitoWithCGLIB$$c633dab.invoke(<generated>)
	at org.mockito.cglib.proxy.MethodProxy.invokeSuper(MethodProxy.java:216)
	at org.mockito.internal.creation.cglib.DelegatingMockitoMethodProxy.invokeSuper(DelegatingMockitoMethodProxy.java:19)
	at org.mockito.internal.invocation.realmethod.DefaultRealMethod.invoke(DefaultRealMethod.java:21)
	at org.mockito.internal.invocation.realmethod.CleanTraceRealMethod.invoke(CleanTraceRealMethod.java:30)
	at org.mockito.internal.invocation.InvocationImpl.callRealMethod(InvocationImpl.java:112)
	at org.mockito.internal.stubbing.answers.CallsRealMethods.answer(CallsRealMethods.java:41)
	at org.mockito.internal.handler.MockHandlerImpl.handle(MockHandlerImpl.java:93)
	at org.mockito.internal.handler.NullResultGuardian.handle(NullResultGuardian.java:29)
	at org.mockito.internal.handler.InvocationNotifierHandler.handle(InvocationNotifierHandler.java:38)
	at org.mockito.internal.creation.cglib.MethodInterceptorFilter.intercept(MethodInterceptorFilter.java:59)
	at com.github.dmitriydb.etda.controller.console.ConsoleController$$EnhancerByMockitoWithCGLIB$$f062feca.processUserAction(<generated>)
	at com.github.dmitriydb.etda.controller.console.ConsoleControllerTest.whenRegisterFailsShowErrorRegisterMessage(ConsoleControllerTest.java:472)
	at sun.reflect.NativeMethodAccessorImpl.invoke0(Native Method)
	at sun.reflect.NativeMethodAccessorImpl.invoke(NativeMethodAccessorImpl.java:62)
	at sun.reflect.DelegatingMethodAccessorImpl.invoke(DelegatingMethodAccessorImpl.java:43)
	at java.lang.reflect.Method.invoke(Method.java:498)
	at org.junit.runners.model.FrameworkMethod$1.runReflectiveCall(FrameworkMethod.java:59)
	at org.junit.internal.runners.model.ReflectiveCallable.run(ReflectiveCallable.java:12)
	at org.junit.runners.model.FrameworkMethod.invokeExplosively(FrameworkMethod.java:56)
	at org.junit.internal.runners.statements.InvokeMethod.evaluate(InvokeMethod.java:17)
	at org.junit.internal.runners.statements.RunBefores.evaluate(RunBefores.java:26)
	at org.junit.runners.ParentRunner$3.evaluate(ParentRunner.java:306)
	at org.junit.runners.BlockJUnit4ClassRunner$1.evaluate(BlockJUnit4ClassRunner.java:100)
	at org.junit.runners.ParentRunner.runLeaf(ParentRunner.java:366)
	at org.junit.runners.BlockJUnit4ClassRunner.runChild(BlockJUnit4ClassRunner.java:103)
	at junitparams.JUnitParamsRunner.runChild(JUnitParamsRunner.java:416)
	at junitparams.JUnitParamsRunner.runChild(JUnitParamsRunner.java:385)
	at org.junit.runners.ParentRunner$4.run(ParentRunner.java:331)
	at org.junit.runners.ParentRunner$1.schedule(ParentRunner.java:79)
	at org.junit.runners.ParentRunner.runChildren(ParentRunner.java:329)
	at org.junit.runners.ParentRunner.access$100(ParentRunner.java:66)
	at org.junit.runners.ParentRunner$2.evaluate(ParentRunner.java:293)
	at org.junit.runners.ParentRunner$3.evaluate(ParentRunner.java:306)
	at org.junit.runners.ParentRunner.run(ParentRunner.java:413)
	at org.junit.runner.JUnitCore.run(JUnitCore.java:137)
	at org.junit.runner.JUnitCore.run(JUnitCore.java:115)
	at org.junit.vintage.engine.execution.RunnerExecutor.execute(RunnerExecutor.java:42)
	at org.junit.vintage.engine.VintageTestEngine.executeAllChildren(VintageTestEngine.java:80)
	at org.junit.vintage.engine.VintageTestEngine.execute(VintageTestEngine.java:72)
	at org.junit.platform.launcher.core.EngineExecutionOrchestrator.execute(EngineExecutionOrchestrator.java:107)
	at org.junit.platform.launcher.core.EngineExecutionOrchestrator.execute(EngineExecutionOrchestrator.java:88)
	at org.junit.platform.launcher.core.EngineExecutionOrchestrator.lambda$execute$0(EngineExecutionOrchestrator.java:54)
	at org.junit.platform.launcher.core.EngineExecutionOrchestrator.withInterceptedStreams(EngineExecutionOrchestrator.java:67)
	at org.junit.platform.launcher.core.EngineExecutionOrchestrator.execute(EngineExecutionOrchestrator.java:52)
	at org.junit.platform.launcher.core.DefaultLauncher.execute(DefaultLauncher.java:114)
	at org.junit.platform.launcher.core.DefaultLauncher.execute(DefaultLauncher.java:86)
	at org.junit.platform.launcher.core.DefaultLauncherSession$DelegatingLauncher.execute(DefaultLauncherSession.java:86)
	at org.junit.platform.launcher.core.SessionPerRequestLauncher.execute(SessionPerRequestLauncher.java:53)
	at com.intellij.junit5.JUnit5IdeaTestRunner.startRunnerWithArgs(JUnit5IdeaTestRunner.java:71)
	at com.intellij.rt.junit.IdeaTestRunner$Repeater.startRunnerWithArgs(IdeaTestRunner.java:33)
	at com.intellij.rt.junit.JUnitStarter.prepareStreamsAndStart(JUnitStarter.java:235)
	at com.intellij.rt.junit.JUnitStarter.main(JUnitStarter.java:54)
15.12.2021 11:26:09.068 [main] INFO  c.g.d.etda.webapp.WebAppTest - Starting WebAppTest using Java 1.8.0_252 on lg-omen with PID 2424 (started by Hastya in D:\etda\etdaProject)
15.12.2021 11:26:09.069 [main] INFO  c.g.d.etda.webapp.WebAppTest - The following profiles are active: dev
15.12.2021 11:26:12.709 [main] INFO  c.g.d.etda.webapp.WebAppTest - Started WebAppTest in 4.311 seconds (JVM running for 13.189)
15.12.2021 11:26:14.397 [main] ERROR c.g.d.etda.model.dao.SimpleDAO - org.hibernate.hql.internal.ast.QuerySyntaxException: unexpected token: null near line 1, column 68 [FROM com.github.dmitriydb.etda.model.simplemodel.domain.Department null]
15.12.2021 11:26:14.403 [main] ERROR c.g.d.etda.model.dao.SimpleDAO - org.hibernate.hql.internal.ast.QuerySyntaxException: unexpected token: null near line 1, column 84 [SELECT COUNT(*) FROM com.github.dmitriydb.etda.model.simplemodel.domain.Department null]
15.12.2021 11:27:37.109 [main] INFO  c.g.dmitriydb.etda.webapp.WebApp - Starting WebApp using Java 1.8.0_252 on lg-omen with PID 21368 (D:\etda\etdaProject\target\classes started by Hastya in D:\etda\etdaProject)
15.12.2021 11:27:37.110 [main] INFO  c.g.dmitriydb.etda.webapp.WebApp - The following profiles are active: dev
15.12.2021 11:27:39.562 [main] INFO  c.g.dmitriydb.etda.webapp.WebApp - Started WebApp in 2.836 seconds (JVM running for 6.359)
15.12.2021 11:31:03.608 [main] INFO  c.g.dmitriydb.etda.webapp.WebApp - Starting WebApp using Java 1.8.0_252 on lg-omen with PID 19700 (D:\etda\etdaProject\target\classes started by Hastya in D:\etda\etdaProject)
15.12.2021 11:31:03.609 [main] INFO  c.g.dmitriydb.etda.webapp.WebApp - The following profiles are active: dev
15.12.2021 11:31:06.371 [main] INFO  c.g.dmitriydb.etda.webapp.WebApp - Started WebApp in 3.172 seconds (JVM running for 6.894)
15.12.2021 11:31:52.958 [main] INFO  c.g.dmitriydb.etda.webapp.WebApp - Starting WebApp using Java 1.8.0_252 on lg-omen with PID 10368 (D:\etda\etdaProject\target\classes started by Hastya in D:\etda\etdaProject)
15.12.2021 11:31:52.959 [main] INFO  c.g.dmitriydb.etda.webapp.WebApp - The following profiles are active: dev
15.12.2021 11:31:55.530 [main] INFO  c.g.dmitriydb.etda.webapp.WebApp - Started WebApp in 2.978 seconds (JVM running for 6.672)
15.12.2021 11:38:17.405 [main] INFO  c.g.dmitriydb.etda.webapp.WebApp - Starting WebApp using Java 1.8.0_252 on lg-omen with PID 5744 (D:\etda\etdaProject\target\classes started by Hastya in D:\etda\etdaProject)
15.12.2021 11:38:17.406 [main] INFO  c.g.dmitriydb.etda.webapp.WebApp - The following profiles are active: dev
15.12.2021 11:38:20.226 [main] INFO  c.g.dmitriydb.etda.webapp.WebApp - Started WebApp in 3.256 seconds (JVM running for 7.01)
15.12.2021 11:40:02.407 [main] INFO  c.g.dmitriydb.etda.webapp.WebApp - Starting WebApp using Java 1.8.0_252 on lg-omen with PID 3168 (D:\etda\etdaProject\target\classes started by Hastya in D:\etda\etdaProject)
15.12.2021 11:40:02.408 [main] INFO  c.g.dmitriydb.etda.webapp.WebApp - The following profiles are active: dev
15.12.2021 11:40:04.785 [main] INFO  c.g.dmitriydb.etda.webapp.WebApp - Started WebApp in 2.77 seconds (JVM running for 6.353)
15.12.2021 11:51:49.080 [http-nio-8080-exec-2] ERROR c.g.d.etda.model.dao.SimpleDAO - org.hibernate.hql.internal.ast.QuerySyntaxException: unexpected token: null near line 1, column 68 [FROM com.github.dmitriydb.etda.model.simplemodel.domain.Department null]
15.12.2021 11:51:49.085 [http-nio-8080-exec-2] ERROR c.g.d.etda.model.dao.SimpleDAO - org.hibernate.hql.internal.ast.QuerySyntaxException: unexpected token: null near line 1, column 84 [SELECT COUNT(*) FROM com.github.dmitriydb.etda.model.simplemodel.domain.Department null]
15.12.2021 11:51:52.976 [http-nio-8080-exec-7] ERROR c.g.d.etda.model.dao.SimpleDAO - org.hibernate.hql.internal.ast.QuerySyntaxException: unexpected token: null near line 1, column 68 [FROM com.github.dmitriydb.etda.model.simplemodel.domain.Department null]
15.12.2021 11:51:52.980 [http-nio-8080-exec-7] ERROR c.g.d.etda.model.dao.SimpleDAO - org.hibernate.hql.internal.ast.QuerySyntaxException: unexpected token: null near line 1, column 84 [SELECT COUNT(*) FROM com.github.dmitriydb.etda.model.simplemodel.domain.Department null]
15.12.2021 11:56:28.055 [main] INFO  c.g.dmitriydb.etda.webapp.WebApp - Starting WebApp using Java 1.8.0_252 on lg-omen with PID 21520 (D:\etda\etdaProject\target\classes started by Hastya in D:\etda\etdaProject)
15.12.2021 11:56:28.056 [main] INFO  c.g.dmitriydb.etda.webapp.WebApp - The following profiles are active: dev
15.12.2021 11:56:30.602 [main] INFO  c.g.dmitriydb.etda.webapp.WebApp - Started WebApp in 2.968 seconds (JVM running for 6.828)
15.12.2021 11:57:06.322 [main] INFO  c.g.dmitriydb.etda.webapp.WebApp - Starting WebApp using Java 1.8.0_252 on lg-omen with PID 17672 (D:\etda\etdaProject\target\classes started by Hastya in D:\etda\etdaProject)
15.12.2021 11:57:06.323 [main] INFO  c.g.dmitriydb.etda.webapp.WebApp - The following profiles are active: dev
15.12.2021 11:57:08.893 [main] INFO  c.g.dmitriydb.etda.webapp.WebApp - Started WebApp in 2.949 seconds (JVM running for 6.528)
15.12.2021 12:41:43.896 [main] INFO  c.g.dmitriydb.etda.webapp.WebApp - Starting WebApp using Java 1.8.0_252 on lg-omen with PID 12572 (D:\etda\etdaProject\target\classes started by Hastya in D:\etda\etdaProject)
15.12.2021 12:41:43.897 [main] INFO  c.g.dmitriydb.etda.webapp.WebApp - The following profiles are active: mysql
15.12.2021 12:42:06.666 [main] INFO  c.g.dmitriydb.etda.webapp.WebApp - Starting WebApp using Java 1.8.0_252 on lg-omen with PID 13432 (D:\etda\etdaProject\target\classes started by Hastya in D:\etda\etdaProject)
15.12.2021 12:42:06.666 [main] INFO  c.g.dmitriydb.etda.webapp.WebApp - The following profiles are active: mysql
15.12.2021 12:42:09.392 [main] INFO  c.g.dmitriydb.etda.webapp.WebApp - Started WebApp in 3.097 seconds (JVM running for 6.701)
15.12.2021 12:42:32.232 [main] INFO  c.g.dmitriydb.etda.webapp.WebApp - Starting WebApp using Java 1.8.0_252 on lg-omen with PID 6996 (D:\etda\etdaProject\target\classes started by Hastya in D:\etda\etdaProject)
15.12.2021 12:42:32.233 [main] INFO  c.g.dmitriydb.etda.webapp.WebApp - The following profiles are active: h2
15.12.2021 12:42:34.626 [main] INFO  c.g.dmitriydb.etda.webapp.WebApp - Started WebApp in 2.782 seconds (JVM running for 6.115)
15.12.2021 12:59:11.856 [main] INFO  c.g.dmitriydb.etda.webapp.WebApp - Starting WebApp using Java 1.8.0_252 on lg-omen with PID 17036 (D:\etda\etdaProject\target\classes started by Hastya in D:\etda\etdaProject)
15.12.2021 12:59:11.857 [main] INFO  c.g.dmitriydb.etda.webapp.WebApp - The following profiles are active: mysql
15.12.2021 12:59:14.544 [main] INFO  c.g.dmitriydb.etda.webapp.WebApp - Started WebApp in 3.081 seconds (JVM running for 7.355)
